#
# There is insufficient memory for the Java Runtime Environment to continue.
# Native memory allocation (malloc) failed to allocate 420496 bytes for Chunk::new
# Possible reasons:
#   The system is out of physical RAM or swap space
#   In 32 bit mode, the process size limit was hit
# Possible solutions:
#   Reduce memory load on the system
#   Increase physical memory or swap space
#   Check if swap backing store is full
#   Use 64 bit Java on a 64 bit OS
#   Decrease Java heap size (-Xmx/-Xms)
#   Decrease number of Java threads
#   Decrease Java thread stack sizes (-Xss)
#   Set larger code cache with -XX:ReservedCodeCacheSize=
# This output file may be truncated or incomplete.
#
#  Out of Memory Error (allocation.cpp:390), pid=6804, tid=0x0000000000001e14
#
# JRE version: Java(TM) SE Runtime Environment (8.0_101-b13) (build 1.8.0_101-b13)
# Java VM: Java HotSpot(TM) 64-Bit Server VM (25.101-b13 mixed mode windows-amd64 compressed oops)
# Failed to write core dump. Minidumps are not enabled by default on client versions of Windows
#

---------------  T H R E A D  ---------------

Current thread (0x0000000017024000):  JavaThread "C2 CompilerThread1" daemon [_thread_in_native, id=7700, stack(0x0000000018760000,0x0000000018860000)]

Stack: [0x0000000018760000,0x0000000018860000]
[error occurred during error reporting (printing stack bounds), id 0xc0000005]

Native frames: (J=compiled Java code, j=interpreted, Vv=VM code, C=native code)


Current CompileTask:
C2:  23897 3658       4       java.lang.reflect.Method::toString (20 bytes)


---------------  P R O C E S S  ---------------

Java Threads: ( => current thread )
  0x0000000019ec5000 JavaThread "File lock request listener" [_thread_in_native, id=5844, stack(0x000000001cb70000,0x000000001cc70000)]
  0x0000000019d90800 JavaThread "Stdin handler" [_thread_blocked, id=9744, stack(0x000000001b6a0000,0x000000001b7a0000)]
  0x0000000019d6e000 JavaThread "Asynchronous log dispatcher for DefaultDaemonConnection: socket connection from /127.0.0.1:61344 to /127.0.0.1:61345" [_thread_blocked, id=7692, stack(0x000000001b5a0000,0x000000001b6a0000)]
  0x0000000019c70800 JavaThread "Daemon worker" [_thread_in_Java, id=6272, stack(0x000000001b4a0000,0x000000001b5a0000)]
  0x0000000019db1000 JavaThread "Cancel handler" [_thread_blocked, id=8908, stack(0x000000001b3a0000,0x000000001b4a0000)]
  0x0000000019c6f800 JavaThread "Handler for socket connection from /127.0.0.1:61344 to /127.0.0.1:61345" [_thread_in_native, id=3056, stack(0x000000001b2a0000,0x000000001b3a0000)]
  0x0000000019f43800 JavaThread "Daemon" [_thread_blocked, id=2972, stack(0x000000001b1a0000,0x000000001b2a0000)]
  0x000000001a098800 JavaThread "Incoming local TCP Connector on port 61344" [_thread_in_native, id=3976, stack(0x000000001ad70000,0x000000001ae70000)]
  0x00000000195bf000 JavaThread "pool-1-thread-1" [_thread_blocked, id=5504, stack(0x000000001aa70000,0x000000001ab70000)]
  0x0000000018988800 JavaThread "Service Thread" daemon [_thread_blocked, id=2364, stack(0x0000000018d60000,0x0000000018e60000)]
  0x000000001702a800 JavaThread "C1 CompilerThread2" daemon [_thread_in_vm, id=9148, stack(0x0000000018860000,0x0000000018960000)]
=>0x0000000017024000 JavaThread "C2 CompilerThread1" daemon [_thread_in_native, id=7700, stack(0x0000000018760000,0x0000000018860000)]
  0x0000000017021800 JavaThread "C2 CompilerThread0" daemon [_thread_in_native, id=6060, stack(0x0000000018660000,0x0000000018760000)]
  0x000000001701d800 JavaThread "Attach Listener" daemon [_thread_blocked, id=956, stack(0x0000000018560000,0x0000000018660000)]
  0x000000001701a000 JavaThread "Signal Dispatcher" daemon [_thread_blocked, id=9596, stack(0x0000000018460000,0x0000000018560000)]
  0x000000001700a800 JavaThread "Finalizer" daemon [_thread_blocked, id=11144, stack(0x0000000018270000,0x0000000018370000)]
  0x0000000016fe9000 JavaThread "Reference Handler" daemon [_thread_blocked, id=1232, stack(0x0000000018170000,0x0000000018270000)]
  0x00000000024fe000 JavaThread "main" [_thread_blocked, id=3884, stack(0x0000000000950000,0x0000000000a50000)]

Other Threads:
  0x0000000016fe7000 VMThread [stack: 0x0000000018070000,0x0000000018170000] [id=9304]
  0x000000001899d000 WatcherThread [stack: 0x0000000018e60000,0x0000000018f60000] [id=3180]

VM state:not at safepoint (normal execution)

VM Mutex/Monitor currently owned by a thread: None

Heap:
 PSYoungGen      total 71168K, used 2424K [0x00000000d5580000, 0x00000000dae80000, 0x0000000100000000)
  eden space 60416K, 4% used [0x00000000d5580000,0x00000000d57de3a0,0x00000000d9080000)
  from space 10752K, 0% used [0x00000000d9b00000,0x00000000d9b00000,0x00000000da580000)
  to   space 10752K, 0% used [0x00000000d9080000,0x00000000d9080000,0x00000000d9b00000)
 ParOldGen       total 52224K, used 14009K [0x0000000080000000, 0x0000000083300000, 0x00000000d5580000)
  object space 52224K, 26% used [0x0000000080000000,0x0000000080dae550,0x0000000083300000)
 Metaspace       used 34847K, capacity 35356K, committed 35712K, reserved 1079296K
  class space    used 4755K, capacity 4904K, committed 4992K, reserved 1048576K

Card table byte_map: [0x00000000118c0000,0x0000000011cd0000] byte_map_base: 0x00000000114c0000

Marking Bits: (ParMarkBitMap*) 0x000000006e0ca6d0
 Begin Bits: [0x0000000012280000, 0x0000000014280000)
 End Bits:   [0x0000000014280000, 0x0000000016280000)

Polling page: 0x0000000000a50000

CodeCache: size=245760Kb used=13611Kb max_used=13707Kb free=232149Kb
 bounds [0x0000000002500000, 0x00000000032a0000, 0x0000000011500000]
 total_blobs=4264 nmethods=3553 adapters=621
 compilation: enabled

Compilation events (10 events):
Event: 23.684 Thread 0x000000001702a800 nmethod 3797 0x0000000002a73110 code [0x0000000002a73260, 0x0000000002a73410]
Event: 23.684 Thread 0x000000001702a800 3798       1       org.gradle.model.internal.core.ModelActionRole::isSubjectViewAvailable (5 bytes)
Event: 23.684 Thread 0x000000001702a800 nmethod 3798 0x0000000002ab0250 code [0x0000000002ab03a0, 0x0000000002ab04b0]
Event: 23.684 Thread 0x000000001702a800 3799       1       org.gradle.model.internal.core.ModelActionRole::getTargetState (5 bytes)
Event: 23.684 Thread 0x000000001702a800 nmethod 3799 0x000000000293b150 code [0x000000000293b2a0, 0x000000000293b3b0]
Event: 23.685 Thread 0x000000001702a800 3800       3       org.objectweb.asm.ClassReader::a (3351 bytes)
Event: 23.885 Thread 0x000000001702a800 nmethod 3800 0x000000000326ef10 code [0x000000000326ffe0, 0x0000000003281068]
Event: 23.885 Thread 0x000000001702a800 3802       3       com.google.common.collect.LinkedHashMultimap::access$200 (6 bytes)
Event: 23.885 Thread 0x000000001702a800 nmethod 3802 0x000000000293aad0 code [0x000000000293ac60, 0x000000000293af98]
Event: 23.885 Thread 0x000000001702a800 3801       3       java.lang.reflect.Method::acquireMethodAccessor (44 bytes)

GC Heap History (10 events):
Event: 14.765 GC heap before
{Heap before GC invocations=10 (full 1):
 PSYoungGen      total 45056K, used 40822K [0x00000000d5580000, 0x00000000d8a80000, 0x0000000100000000)
  eden space 35840K, 100% used [0x00000000d5580000,0x00000000d7880000,0x00000000d7880000)
  from space 9216K, 54% used [0x00000000d8180000,0x00000000d865db08,0x00000000d8a80000)
  to   space 9216K, 0% used [0x00000000d7880000,0x00000000d7880000,0x00000000d8180000)
 ParOldGen       total 52224K, used 9041K [0x0000000080000000, 0x0000000083300000, 0x00000000d5580000)
  object space 52224K, 17% used [0x0000000080000000,0x00000000808d4578,0x0000000083300000)
 Metaspace       used 29251K, capacity 29764K, committed 30080K, reserved 1075200K
  class space    used 4063K, capacity 4209K, committed 4224K, reserved 1048576K
Event: 14.776 GC heap after
Heap after GC invocations=10 (full 1):
 PSYoungGen      total 45056K, used 5494K [0x00000000d5580000, 0x00000000d9380000, 0x0000000100000000)
  eden space 35840K, 0% used [0x00000000d5580000,0x00000000d5580000,0x00000000d7880000)
  from space 9216K, 59% used [0x00000000d7880000,0x00000000d7ddd8f0,0x00000000d8180000)
  to   space 8704K, 0% used [0x00000000d8b00000,0x00000000d8b00000,0x00000000d9380000)
 ParOldGen       total 52224K, used 9049K [0x0000000080000000, 0x0000000083300000, 0x00000000d5580000)
  object space 52224K, 17% used [0x0000000080000000,0x00000000808d6578,0x0000000083300000)
 Metaspace       used 29251K, capacity 29764K, committed 30080K, reserved 1075200K
  class space    used 4063K, capacity 4209K, committed 4224K, reserved 1048576K
}
Event: 22.564 GC heap before
{Heap before GC invocations=11 (full 1):
 PSYoungGen      total 45056K, used 41334K [0x00000000d5580000, 0x00000000d9380000, 0x0000000100000000)
  eden space 35840K, 100% used [0x00000000d5580000,0x00000000d7880000,0x00000000d7880000)
  from space 9216K, 59% used [0x00000000d7880000,0x00000000d7ddd8f0,0x00000000d8180000)
  to   space 8704K, 0% used [0x00000000d8b00000,0x00000000d8b00000,0x00000000d9380000)
 ParOldGen       total 52224K, used 9049K [0x0000000080000000, 0x0000000083300000, 0x00000000d5580000)
  object space 52224K, 17% used [0x0000000080000000,0x00000000808d6578,0x0000000083300000)
 Metaspace       used 30963K, capacity 31478K, committed 31616K, reserved 1077248K
  class space    used 4281K, capacity 4461K, committed 4480K, reserved 1048576K
Event: 22.598 GC heap after
Heap after GC invocations=11 (full 1):
 PSYoungGen      total 54272K, used 7035K [0x00000000d5580000, 0x00000000d9400000, 0x0000000100000000)
  eden space 45568K, 0% used [0x00000000d5580000,0x00000000d5580000,0x00000000d8200000)
  from space 8704K, 80% used [0x00000000d8b00000,0x00000000d91defd8,0x00000000d9380000)
  to   space 9216K, 0% used [0x00000000d8200000,0x00000000d8200000,0x00000000d8b00000)
 ParOldGen       total 52224K, used 9121K [0x0000000080000000, 0x0000000083300000, 0x00000000d5580000)
  object space 52224K, 17% used [0x0000000080000000,0x00000000808e8588,0x0000000083300000)
 Metaspace       used 30963K, capacity 31478K, committed 31616K, reserved 1077248K
  class space    used 4281K, capacity 4461K, committed 4480K, reserved 1048576K
}
Event: 23.582 GC heap before
{Heap before GC invocations=12 (full 1):
 PSYoungGen      total 54272K, used 52603K [0x00000000d5580000, 0x00000000d9400000, 0x0000000100000000)
  eden space 45568K, 100% used [0x00000000d5580000,0x00000000d8200000,0x00000000d8200000)
  from space 8704K, 80% used [0x00000000d8b00000,0x00000000d91defd8,0x00000000d9380000)
  to   space 9216K, 0% used [0x00000000d8200000,0x00000000d8200000,0x00000000d8b00000)
 ParOldGen       total 52224K, used 9121K [0x0000000080000000, 0x0000000083300000, 0x00000000d5580000)
  object space 52224K, 17% used [0x0000000080000000,0x00000000808e8588,0x0000000083300000)
 Metaspace       used 34650K, capacity 35228K, committed 35456K, reserved 1079296K
  class space    used 4727K, capacity 4904K, committed 4992K, reserved 1048576K
Event: 23.599 GC heap after
Heap after GC invocations=12 (full 1):
 PSYoungGen      total 54784K, used 9207K [0x00000000d5580000, 0x00000000da580000, 0x0000000100000000)
  eden space 45568K, 0% used [0x00000000d5580000,0x00000000d5580000,0x00000000d8200000)
  from space 9216K, 99% used [0x00000000d8200000,0x00000000d8afde98,0x00000000d8b00000)
  to   space 10752K, 0% used [0x00000000d9b00000,0x00000000d9b00000,0x00000000da580000)
 ParOldGen       total 52224K, used 10267K [0x0000000080000000, 0x0000000083300000, 0x00000000d5580000)
  object space 52224K, 19% used [0x0000000080000000,0x0000000080a06dd0,0x0000000083300000)
 Metaspace       used 34650K, capacity 35228K, committed 35456K, reserved 1079296K
  class space    used 4727K, capacity 4904K, committed 4992K, reserved 1048576K
}
Event: 23.685 GC heap before
{Heap before GC invocations=13 (full 1):
 PSYoungGen      total 54784K, used 16380K [0x00000000d5580000, 0x00000000da580000, 0x0000000100000000)
  eden space 45568K, 15% used [0x00000000d5580000,0x00000000d5c814a0,0x00000000d8200000)
  from space 9216K, 99% used [0x00000000d8200000,0x00000000d8afde98,0x00000000d8b00000)
  to   space 10752K, 0% used [0x00000000d9b00000,0x00000000d9b00000,0x00000000da580000)
 ParOldGen       total 52224K, used 10267K [0x0000000080000000, 0x0000000083300000, 0x00000000d5580000)
  object space 52224K, 19% used [0x0000000080000000,0x0000000080a06dd0,0x0000000083300000)
 Metaspace       used 34694K, capacity 35228K, committed 35456K, reserved 1079296K
  class space    used 4727K, capacity 4904K, committed 4992K, reserved 1048576K
Event: 23.705 GC heap after
Heap after GC invocations=13 (full 1):
 PSYoungGen      total 71168K, used 7600K [0x00000000d5580000, 0x00000000dae80000, 0x0000000100000000)
  eden space 60416K, 0% used [0x00000000d5580000,0x00000000d5580000,0x00000000d9080000)
  from space 10752K, 70% used [0x00000000d9b00000,0x00000000da26c020,0x00000000da580000)
  to   space 10752K, 0% used [0x00000000d9080000,0x00000000d9080000,0x00000000d9b00000)
 ParOldGen       total 52224K, used 10275K [0x0000000080000000, 0x0000000083300000, 0x00000000d5580000)
  object space 52224K, 19% used [0x0000000080000000,0x0000000080a08dd0,0x0000000083300000)
 Metaspace       used 34694K, capacity 35228K, committed 35456K, reserved 1079296K
  class space    used 4727K, capacity 4904K, committed 4992K, reserved 1048576K
}
Event: 23.705 GC heap before
{Heap before GC invocations=14 (full 2):
 PSYoungGen      total 71168K, used 7600K [0x00000000d5580000, 0x00000000dae80000, 0x0000000100000000)
  eden space 60416K, 0% used [0x00000000d5580000,0x00000000d5580000,0x00000000d9080000)
  from space 10752K, 70% used [0x00000000d9b00000,0x00000000da26c020,0x00000000da580000)
  to   space 10752K, 0% used [0x00000000d9080000,0x00000000d9080000,0x00000000d9b00000)
 ParOldGen       total 52224K, used 10275K [0x0000000080000000, 0x0000000083300000, 0x00000000d5580000)
  object space 52224K, 19% used [0x0000000080000000,0x0000000080a08dd0,0x0000000083300000)
 Metaspace       used 34694K, capacity 35228K, committed 35456K, reserved 1079296K
  class space    used 4727K, capacity 4904K, committed 4992K, reserved 1048576K
Event: 23.851 GC heap after
Heap after GC invocations=14 (full 2):
 PSYoungGen      total 71168K, used 0K [0x00000000d5580000, 0x00000000dae80000, 0x0000000100000000)
  eden space 60416K, 0% used [0x00000000d5580000,0x00000000d5580000,0x00000000d9080000)
  from space 10752K, 0% used [0x00000000d9b00000,0x00000000d9b00000,0x00000000da580000)
  to   space 10752K, 0% used [0x00000000d9080000,0x00000000d9080000,0x00000000d9b00000)
 ParOldGen       total 52224K, used 14009K [0x0000000080000000, 0x0000000083300000, 0x00000000d5580000)
  object space 52224K, 26% used [0x0000000080000000,0x0000000080dae550,0x0000000083300000)
 Metaspace       used 34694K, capacity 35228K, committed 35456K, reserved 1079296K
  class space    used 4727K, capacity 4904K, committed 4992K, reserved 1048576K
}

Deoptimization events (10 events):
Event: 23.348 Thread 0x0000000019c70800 Uncommon trap: reason=unstable_if action=reinterpret pc=0x0000000002d836b8 method=java.util.HashMap.putVal(ILjava/lang/Object;Ljava/lang/Object;ZZ)Ljava/lang/Object; @ 162
Event: 23.348 Thread 0x0000000019c70800 Uncommon trap: reason=unstable_if action=reinterpret pc=0x0000000002eb9fa8 method=java.util.HashMap.putVal(ILjava/lang/Object;Ljava/lang/Object;ZZ)Ljava/lang/Object; @ 162
Event: 23.349 Thread 0x0000000019c70800 Uncommon trap: reason=unstable_if action=reinterpret pc=0x00000000029d3570 method=java.util.HashMap.resize()[Ljava/util/HashMap$Node; @ 206
Event: 23.398 Thread 0x0000000019c70800 Uncommon trap: reason=unstable_if action=reinterpret pc=0x0000000002ee3620 method=java.util.HashMap.removeNode(ILjava/lang/Object;Ljava/lang/Object;ZZ)Ljava/util/HashMap$Node; @ 97
Event: 23.490 Thread 0x0000000019c70800 Uncommon trap: reason=unstable_if action=reinterpret pc=0x0000000003214a44 method=java.lang.reflect.Modifier.toString(I)Ljava/lang/String; @ 123
Event: 23.490 Thread 0x0000000019c70800 Uncommon trap: reason=unstable_if action=reinterpret pc=0x0000000003228f08 method=java.lang.reflect.Modifier.toString(I)Ljava/lang/String; @ 123
Event: 23.682 Thread 0x0000000019c70800 Uncommon trap: reason=speculate_class_check action=maybe_recompile pc=0x0000000003268c30 method=com.google.common.base.Equivalence.hash(Ljava/lang/Object;)I @ 8
Event: 23.682 Thread 0x0000000019c70800 Uncommon trap: reason=speculate_class_check action=maybe_recompile pc=0x0000000003268c30 method=com.google.common.base.Equivalence.hash(Ljava/lang/Object;)I @ 8
Event: 23.682 Thread 0x0000000019c70800 Uncommon trap: reason=speculate_class_check action=maybe_recompile pc=0x0000000003268c30 method=com.google.common.base.Equivalence.hash(Ljava/lang/Object;)I @ 8
Event: 23.682 Thread 0x0000000019c70800 Uncommon trap: reason=speculate_class_check action=maybe_recompile pc=0x0000000003268c30 method=com.google.common.base.Equivalence.hash(Ljava/lang/Object;)I @ 8

Internal exceptions (10 events):
Event: 21.839 Thread 0x0000000019c70800 Exception <a 'java/lang/ClassNotFoundException': org/gradle/api/internal/file/FileOperationsBeanInfo> (0x00000000d71d9d58) thrown at [C:\re\workspace\8-2-build-windows-amd64-cygwin\jdk8u101\7261\hotspot\src\share\vm\classfile\systemDictionary.cpp, line 210ùÄ^0-×5@
Event: 21.841 Thread 0x0000000019c70800 Exception <a 'java/lang/ClassNotFoundException': org/gradle/api/internal/file/FileOperationsCustomizer> (0x00000000d72021c8) thrown at [C:\re\workspace\8-2-build-windows-amd64-cygwin\jdk8u101\7261\hotspot\src\share\vm\classfile\systemDictionary.cpp, line 2î•'Ã×5@
Event: 21.843 Thread 0x0000000019c70800 Exception <a 'java/lang/ClassNotFoundException': org/gradle/api/internal/ProcessOperationsBeanInfo> (0x00000000d7245898) thrown at [C:\re\workspace\8-2-build-windows-amd64-cygwin\jdk8u101\7261\hotspot\src\share\vm\classfile\systemDictionary.cpp, line 210]
Event: 21.844 Thread 0x0000000019c70800 Exception <a 'java/lang/ClassNotFoundException': org/gradle/api/internal/ProcessOperationsCustomizer> (0x00000000d726d280) thrown at [C:\re\workspace\8-2-build-windows-amd64-cygwin\jdk8u101\7261\hotspot\src\share\vm\classfile\systemDictionary.cpp, line 210+öpÁÜH6@
Event: 22.285 Thread 0x0000000019c70800 Exception <a 'java/lang/ClassNotFoundException': build_dguytcpjrzymde1b6pg3ponyeBeanInfo> (0x00000000d73b0008) thrown at [C:\re\workspace\8-2-build-windows-amd64-cygwin\jdk8u101\7261\hotspot\src\share\vm\classfile\systemDictionary.cpp, line 210]
Event: 22.285 Thread 0x0000000019c70800 Exception <a 'java/lang/ClassNotFoundException': build_dguytcpjrzymde1b6pg3ponyeCustomizer> (0x00000000d73c0370) thrown at [C:\re\workspace\8-2-build-windows-amd64-cygwin\jdk8u101\7261\hotspot\src\share\vm\classfile\systemDictionary.cpp, line 210]
Event: 22.291 Thread 0x0000000019c70800 Exception <a 'java/lang/ClassNotFoundException': org/gradle/api/internal/plugins/DefaultObjectConfigurationActionBeanInfo> (0x00000000d741aba0) thrown at [C:\re\workspace\8-2-build-windows-amd64-cygwin\jdk8u101\7261\hotspot\src\share\vm\classfile\systemDic9ZU\©J6@
Event: 22.292 Thread 0x0000000019c70800 Exception <a 'java/lang/ClassNotFoundException': org/gradle/api/internal/plugins/DefaultObjectConfigurationActionCustomizer> (0x00000000d744a6c8) thrown at [C:\re\workspace\8-2-build-windows-amd64-cygwin\jdk8u101\7261\hotspot\src\share\vm\classfile\systemDíÎ¶.GK6@
Event: 22.294 Thread 0x0000000019c70800 Exception <a 'java/lang/ClassNotFoundException': org/gradle/api/plugins/ObjectConfigurationActionBeanInfo> (0x00000000d74891f0) thrown at [C:\re\workspace\8-2-build-windows-amd64-cygwin\jdk8u101\7261\hotspot\src\share\vm\classfile\systemDictionary.cpp, lin
Event: 22.295 Thread 0x0000000019c70800 Exception <a 'java/lang/ClassNotFoundException': org/gradle/api/plugins/ObjectConfigurationActionCustomizer> (0x00000000d74b1410) thrown at [C:\re\workspace\8-2-build-windows-amd64-cygwin\jdk8u101\7261\hotspot\src\share\vm\classfile\systemDictionary.cpp, l=À•èÖ5@

Events (10 events):
Event: 23.878 loading class org/gradle/api/reporting/Reporting
Event: 23.878 loading class org/gradle/api/reporting/Reporting done
Event: 23.880 loading class org/gradle/api/plugins/JavaBasePlugin$13
Event: 23.880 loading class org/gradle/api/plugins/JavaBasePlugin$13 done
Event: 23.881 loading class org/gradle/api/plugins/JavaBasePlugin$14
Event: 23.881 loading class org/gradle/api/plugins/JavaBasePlugin$14 done
Event: 23.882 loading class org/gradle/api/plugins/JavaBasePlugin$12
Event: 23.882 loading class org/gradle/api/plugins/JavaBasePlugin$12 done
Event: 23.883 loading class org/gradle/api/internal/AbstractTask$12
Event: 23.883 loading class org/gradle/api/internal/AbstractTask$12 done


Dynamic libraries:
0x00007ff714e20000 - 0x00007ff714e57000 	C:\Program Files\Java\jdk1.8.0_101\bin\java.exe
0x00007ff885cb0000 - 0x00007ff885e82000 	C:\WINDOWS\SYSTEM32\ntdll.dll
0x00007ff883650000 - 0x00007ff8836fc000 	C:\WINDOWS\System32\KERNEL32.DLL
0x00007ff8828d0000 - 0x00007ff882aed000 	C:\WINDOWS\System32\KERNELBASE.dll
0x00007ff883530000 - 0x00007ff8835d2000 	C:\WINDOWS\System32\ADVAPI32.dll
0x00007ff885800000 - 0x00007ff88589e000 	C:\WINDOWS\System32\msvcrt.dll
0x00007ff8853d0000 - 0x00007ff885429000 	C:\WINDOWS\System32\sechost.dll
0x00007ff883400000 - 0x00007ff883521000 	C:\WINDOWS\System32\RPCRT4.dll
0x00007ff885650000 - 0x00007ff8857b5000 	C:\WINDOWS\System32\USER32.dll
0x00007ff882af0000 - 0x00007ff882b0e000 	C:\WINDOWS\System32\win32u.dll
0x00007ff8857c0000 - 0x00007ff8857f4000 	C:\WINDOWS\System32\GDI32.dll
0x00007ff882430000 - 0x00007ff8825b0000 	C:\WINDOWS\System32\gdi32full.dll
0x00007ff8788c0000 - 0x00007ff878b3a000 	C:\WINDOWS\WinSxS\amd64_microsoft.windows.common-controls_6595b64144ccf1df_6.0.14393.953_none_42151e83c686086b\COMCTL32.dll
0x00007ff883b30000 - 0x00007ff883df8000 	C:\WINDOWS\System32\combase.dll
0x00007ff882280000 - 0x00007ff882375000 	C:\WINDOWS\System32\ucrtbase.dll
0x00007ff882210000 - 0x00007ff88227a000 	C:\WINDOWS\System32\bcryptPrimitives.dll
0x00007ff885380000 - 0x00007ff8853ae000 	C:\WINDOWS\System32\IMM32.DLL
0x00007ff882030000 - 0x00007ff882060000 	C:\WINDOWS\system32\DriverStore\FileRepository\nvhm.inf_amd64_7c553af4468727c1\nvinitx.dll
0x00007ff882020000 - 0x00007ff88202a000 	C:\WINDOWS\SYSTEM32\VERSION.dll
0x000000006e150000 - 0x000000006e222000 	C:\Program Files\Java\jdk1.8.0_101\jre\bin\msvcr100.dll
0x000000006d8b0000 - 0x000000006e14a000 	C:\Program Files\Java\jdk1.8.0_101\jre\bin\server\jvm.dll
0x00007ff885c40000 - 0x00007ff885c48000 	C:\WINDOWS\System32\PSAPI.DLL
0x00007ff8747d0000 - 0x00007ff8747d9000 	C:\WINDOWS\SYSTEM32\WSOCK32.dll
0x00007ff880640000 - 0x00007ff880663000 	C:\WINDOWS\SYSTEM32\WINMM.dll
0x00007ff8835e0000 - 0x00007ff88364a000 	C:\WINDOWS\System32\WS2_32.dll
0x00007ff8805e0000 - 0x00007ff88060b000 	C:\WINDOWS\SYSTEM32\WINMMBASE.dll
0x00007ff8831f0000 - 0x00007ff883232000 	C:\WINDOWS\System32\cfgmgr32.dll
0x000000006d8a0000 - 0x000000006d8af000 	C:\Program Files\Java\jdk1.8.0_101\jre\bin\verify.dll
0x000000006d870000 - 0x000000006d899000 	C:\Program Files\Java\jdk1.8.0_101\jre\bin\java.dll
0x000000006d850000 - 0x000000006d866000 	C:\Program Files\Java\jdk1.8.0_101\jre\bin\zip.dll
0x00007ff883e70000 - 0x00007ff885378000 	C:\WINDOWS\System32\SHELL32.dll
0x00007ff882b10000 - 0x00007ff8831ea000 	C:\WINDOWS\System32\windows.storage.dll
0x00007ff882160000 - 0x00007ff8821ac000 	C:\WINDOWS\System32\powrprof.dll
0x00007ff8854f0000 - 0x00007ff885542000 	C:\WINDOWS\System32\shlwapi.dll
0x00007ff882150000 - 0x00007ff88215f000 	C:\WINDOWS\System32\kernel.appcore.dll
0x00007ff882380000 - 0x00007ff882429000 	C:\WINDOWS\System32\shcore.dll
0x00007ff882130000 - 0x00007ff882144000 	C:\WINDOWS\System32\profapi.dll
0x000000006d830000 - 0x000000006d84a000 	C:\Program Files\Java\jdk1.8.0_101\jre\bin\net.dll
0x00007ff881a10000 - 0x00007ff881a6c000 	C:\WINDOWS\system32\mswsock.dll
0x000000006d810000 - 0x000000006d821000 	C:\Program Files\Java\jdk1.8.0_101\jre\bin\nio.dll
0x00007ff86f8d0000 - 0x00007ff86f8ee000 	C:\Users\vivek\.gradle\native\23\windows-amd64\native-platform.dll
0x00007ff881bb0000 - 0x00007ff881bc7000 	C:\WINDOWS\SYSTEM32\CRYPTSP.dll
0x00007ff8815b0000 - 0x00007ff8815e3000 	C:\WINDOWS\system32\rsaenh.dll
0x00007ff882060000 - 0x00007ff88208b000 	C:\WINDOWS\SYSTEM32\bcrypt.dll
0x00007ff881890000 - 0x00007ff8818af000 	C:\WINDOWS\SYSTEM32\USERENV.dll
0x00007ff881bd0000 - 0x00007ff881bdb000 	C:\WINDOWS\SYSTEM32\CRYPTBASE.dll
0x00007ff881790000 - 0x00007ff8817c8000 	C:\WINDOWS\SYSTEM32\IPHLPAPI.DLL
0x00007ff8833f0000 - 0x00007ff8833f8000 	C:\WINDOWS\System32\NSI.dll
0x00007ff87c960000 - 0x00007ff87c976000 	C:\WINDOWS\SYSTEM32\dhcpcsvc6.DLL
0x00007ff87c940000 - 0x00007ff87c95a000 	C:\WINDOWS\SYSTEM32\dhcpcsvc.DLL
0x000000006d800000 - 0x000000006d80d000 	C:\Program Files\Java\jdk1.8.0_101\jre\bin\management.dll

VM Arguments:
jvm_args: -Xmx2048m -Dfile.encoding=windows-1252 -Duser.country=GB -Duser.language=en -Duser.variant 
java_command: org.gradle.launcher.daemon.bootstrap.GradleDaemon 3.3
java_class_path (initial): C:\Users\vivek\.gradle\wrapper\dists\gradle-3.3-all\55gk2rcmfc6p2dg9u9ohc3hw9\gradle-3.3\lib\gradle-launcher-3.3.jar
Launcher Type: SUN_STANDARD

Environment Variables:
JAVA_HOME=C:\Program Files\Java\jdk1.7.0_40\
PATH=C:\Program Files\Broadcom\Broadcom 802.11\Driver;;C:\Program Files (x86)\python35\Scripts\;C:\Program Files (x86)\python35\;C:\ProgramData\Oracle\Java\javapath;C:\WINDOWS\system32;C:\WINDOWS;C:\WINDOWS\System32\Wbem;C:\WINDOWS\System32\WindowsPowerShell\v1.0\;C:\Program Files\Java\jdk1.7.0_40\bin;C:\Program Files\TortoiseHg\;C:\Program Files (x86)\QuickTime\QTSystem\;C:\WINDOWS\system32;C:\WINDOWS;C:\WINDOWS\System32\Wbem;C:\WINDOWS\System32\WindowsPowerShell\v1.0\;C:\HashiCorp\Vagrant\bin;C:\Users\vivek\AppData\Local\GitHub\PortableGit_25d850739bc178b2eb13c3e2a9faafea2f9143c0\bin;C:\Program Files (x86)\python27\Scripts;C:\Program Files (x86)\python27;C:\Program Files (x86)\python27\Lib\site-packages;C:\Program Files (x86)\Heroku\bin;C:\Program Files (x86)\git\cmd;C:\Program Files (x86)\Git\cmd;C:\Program Files\Java\jdk1.8.0_101\bin;C:\Users\vivek\Documents\GitHub\pythonWorkspace\bat;C:\Program Files\Intel\WiFi\bin\;C:\Program Files\Common Files\Intel\WirelessCommon\;C:\Program Files (x86)\Skype\Phone\;C:\Program Files\nodejs\;C:\RailsInstaller\Git\cmd;C:\RailsInstaller\Ruby2.1.0\bin;C:\Users\vivek\AppData\Local\GitHub\PortableGit_25d850739bc178b2eb13c3e2a9faafea2f9143c0\bin;C:\Users\vivek\AppData\Local\atom\bin;C:\Program Files (x86)\Google\google_appengine\;C:\Users\vivek\AppData\Local\Microsoft\WindowsApps;C:\Program Files (x86)\python27;C:\Program Files (x86)\python27\Lib\site-packages;C:\Program Files (x86)\python27\Scripts;C:\Program Files (x86)\Microsoft VS Code\bin;C:\Program Files\Intel\WiFi\bin\;C:\Program Files\Common Files\Intel\WirelessCommon\;C:\Users\vivek\AppData\Roaming\npm;C:\Program Files\MongoDB\Server\3.4\bin;C:\Users\vivek\AppData\Local\Google\Cloud SDK\google-cloud-sdk\bin
USERNAME=keviv
OS=Windows_NT
PROCESSOR_IDENTIFIER=Intel64 Family 6 Model 42 Stepping 7, GenuineIntel



---------------  S Y S T E M  ---------------

OS: Windows 10.0 , 64 bit Build 14393 (10.0.14393.1198)

CPU:total 4 (2 cores per cpu, 2 threads per core) family 6 model 42 stepping 7, cmov, cx8, fxsr, mmx, sse, sse2, sse3, ssse3, sse4.1, sse4.2, popcnt, avx, aes, clmul, ht, tsc, tscinvbit

Memory: 4k page, physical 6183932k(612860k free), swap 7873532k(3768k free)

vm_info: Java HotSpot(TM) 64-Bit Server VM (25.101-b13) for windows-amd64 JRE (1.8.0_101-b13), built on Jun 22 2016 01:21:29 by "java_re" with MS VC++ 10.0 (VS2010)

time: Thu Oct 12 18:31:50 2017
elapsed time: 23 seconds (0d 0h 0m 23s)

