#
# There is insufficient memory for the Java Runtime Environment to continue.
# Native memory allocation (malloc) failed to allocate 1202256 bytes for Chunk::new
# Possible reasons:
#   The system is out of physical RAM or swap space
#   In 32 bit mode, the process size limit was hit
# Possible solutions:
#   Reduce memory load on the system
#   Increase physical memory or swap space
#   Check if swap backing store is full
#   Use 64 bit Java on a 64 bit OS
#   Decrease Java heap size (-Xmx/-Xms)
#   Decrease number of Java threads
#   Decrease Java thread stack sizes (-Xss)
#   Set larger code cache with -XX:ReservedCodeCacheSize=
# This output file may be truncated or incomplete.
#
#  Out of Memory Error (allocation.cpp:390), pid=9964, tid=0x00000000000013f0
#
# JRE version: Java(TM) SE Runtime Environment (8.0_101-b13) (build 1.8.0_101-b13)
# Java VM: Java HotSpot(TM) 64-Bit Server VM (25.101-b13 mixed mode windows-amd64 compressed oops)
# Failed to write core dump. Minidumps are not enabled by default on client versions of Windows
#

---------------  T H R E A D  ---------------

Current thread (0x0000000017190800):  JavaThread "C2 CompilerThread0" daemon [_thread_in_native, id=5104, stack(0x00000000186e0000,0x00000000187e0000)]

Stack: [0x00000000186e0000,0x00000000187e0000]
[error occurred during error reporting (printing stack bounds), id 0xc0000005]

Native frames: (J=compiled Java code, j=interpreted, Vv=VM code, C=native code)


Current CompileTask:
C2:  45462 11448       4       com.android.dx.ssa.PhiTypeResolver::run (179 bytes)


---------------  P R O C E S S  ---------------

Java Threads: ( => current thread )
  0x000000001dcec800 JavaThread "ForkJoinPool.commonPool-worker-0" daemon [_thread_in_native, id=6024, stack(0x0000000023fc0000,0x00000000240c0000)]
  0x000000001dcf3800 JavaThread "ForkJoinPool.commonPool-worker-3" daemon [_thread_in_Java, id=4212, stack(0x0000000023ec0000,0x0000000023fc0000)]
  0x000000001dcec000 JavaThread "ForkJoinPool.commonPool-worker-2" daemon [_thread_in_native, id=9524, stack(0x0000000023dc0000,0x0000000023ec0000)]
  0x000000001dcf3000 JavaThread "ForkJoinPool.commonPool-worker-1" daemon [_thread_in_Java, id=4992, stack(0x0000000023cc0000,0x0000000023dc0000)]
  0x000000001dcf0800 JavaThread "Task worker for ':' Thread 3" [_thread_blocked, id=1128, stack(0x00000000239c0000,0x0000000023ac0000)]
  0x000000001dced800 JavaThread "Task worker for ':' Thread 2" [_thread_blocked, id=3300, stack(0x00000000238c0000,0x00000000239c0000)]
  0x000000001dcef800 JavaThread "Task worker for ':'" [_thread_blocked, id=6152, stack(0x00000000237c0000,0x00000000238c0000)]
  0x000000001dcf1000 JavaThread "Cache worker for task history cache (C:\Users\vivek\Documents\GitHub\PracticeApps\Gettingstarted\.gradle\4.1\taskHistory)" [_thread_blocked, id=6920, stack(0x00000000236c0000,0x00000000237c0000)]
  0x000000001dcee000 JavaThread "Cache worker for file content cache (C:\Users\vivek\Documents\GitHub\PracticeApps\Gettingstarted\.gradle\4.1\fileContent)" [_thread_blocked, id=1636, stack(0x00000000235c0000,0x00000000236c0000)]
  0x000000001dcef000 JavaThread "Memory manager" [_thread_blocked, id=10020, stack(0x0000000022610000,0x0000000022710000)]
  0x000000001a30d000 JavaThread "build operations Thread 4" [_thread_blocked, id=9852, stack(0x0000000022110000,0x0000000022210000)]
  0x000000001a30c800 JavaThread "build operations Thread 3" [_thread_blocked, id=6108, stack(0x0000000022010000,0x0000000022110000)]
  0x000000001a30b800 JavaThread "build operations Thread 2" [_thread_blocked, id=1892, stack(0x0000000021f10000,0x0000000022010000)]
  0x000000001a30b000 JavaThread "build operations" [_thread_blocked, id=8684, stack(0x00000000217b0000,0x00000000218b0000)]
  0x000000001a30e000 JavaThread "Cache worker for Artifact transforms cache (C:\Users\vivek\.gradle\caches\transforms-1)" [_thread_blocked, id=3156, stack(0x000000001f590000,0x000000001f690000)]
  0x000000001a310000 JavaThread "Cache worker for file hash cache (C:\Users\vivek\Documents\GitHub\PracticeApps\Gettingstarted\.gradle\4.1\fileHashes)" [_thread_blocked, id=3492, stack(0x000000001ccf0000,0x000000001cdf0000)]
  0x000000001a309800 JavaThread "File lock request listener" [_thread_in_native, id=7280, stack(0x000000001ba20000,0x000000001bb20000)]
  0x000000001a30e800 JavaThread "Cache worker for file hash cache (C:\Users\vivek\.gradle\caches\4.1\fileHashes)" [_thread_blocked, id=580, stack(0x000000001b920000,0x000000001ba20000)]
  0x000000001a668000 JavaThread "Stdin handler" [_thread_blocked, id=5500, stack(0x000000001b820000,0x000000001b920000)]
  0x000000001a667000 JavaThread "Asynchronous log dispatcher for DefaultDaemonConnection: socket connection from /127.0.0.1:56216 to /127.0.0.1:56217" [_thread_blocked, id=7084, stack(0x000000001b720000,0x000000001b820000)]
  0x0000000019e92800 JavaThread "Daemon worker" [_thread_blocked, id=9500, stack(0x000000001b620000,0x000000001b720000)]
  0x0000000019e91800 JavaThread "Cancel handler" [_thread_blocked, id=7600, stack(0x000000001b520000,0x000000001b620000)]
  0x0000000019caa000 JavaThread "Handler for socket connection from /127.0.0.1:56216 to /127.0.0.1:56217" [_thread_in_native, id=5808, stack(0x000000001b220000,0x000000001b320000)]
  0x0000000019ca6800 JavaThread "Daemon" [_thread_blocked, id=2416, stack(0x000000001b120000,0x000000001b220000)]
  0x0000000019c41800 JavaThread "Daemon periodic checks" [_thread_blocked, id=7220, stack(0x000000001b020000,0x000000001b120000)]
  0x0000000019c40800 JavaThread "Incoming local TCP Connector on port 56216" [_thread_in_native, id=8240, stack(0x000000001adf0000,0x000000001aef0000)]
  0x000000001a2be000 JavaThread "Daemon health stats" [_thread_blocked, id=668, stack(0x000000001a7b0000,0x000000001a8b0000)]
  0x0000000018a08800 JavaThread "Service Thread" daemon [_thread_blocked, id=6868, stack(0x0000000018de0000,0x0000000018ee0000)]
  0x0000000017196000 JavaThread "C1 CompilerThread2" daemon [_thread_blocked, id=3660, stack(0x00000000188e0000,0x00000000189e0000)]
  0x0000000017193000 JavaThread "C2 CompilerThread1" daemon [_thread_in_native, id=7576, stack(0x00000000187e0000,0x00000000188e0000)]
=>0x0000000017190800 JavaThread "C2 CompilerThread0" daemon [_thread_in_native, id=5104, stack(0x00000000186e0000,0x00000000187e0000)]
  0x000000001718b800 JavaThread "Attach Listener" daemon [_thread_blocked, id=2900, stack(0x00000000185e0000,0x00000000186e0000)]
  0x000000001718a800 JavaThread "Signal Dispatcher" daemon [_thread_blocked, id=4868, stack(0x00000000184e0000,0x00000000185e0000)]
  0x000000001717a000 JavaThread "Finalizer" daemon [_thread_blocked, id=5252, stack(0x00000000183e0000,0x00000000184e0000)]
  0x0000000002560000 JavaThread "Reference Handler" daemon [_thread_blocked, id=8264, stack(0x00000000182e0000,0x00000000183e0000)]
  0x000000000066e000 JavaThread "main" [_thread_blocked, id=8620, stack(0x00000000022e0000,0x00000000023e0000)]

Other Threads:
  0x0000000017157000 VMThread [stack: 0x00000000181e0000,0x00000000182e0000] [id=3144]
  0x00000000171ee800 WatcherThread [stack: 0x0000000018ee0000,0x0000000018fe0000] [id=7688]

VM state:not at safepoint (normal execution)

VM Mutex/Monitor currently owned by a thread: None

Heap:
 PSYoungGen      total 400384K, used 241032K [0x00000000d5580000, 0x00000000f4180000, 0x0000000100000000)
  eden space 376320K, 60% used [0x00000000d5580000,0x00000000e3336288,0x00000000ec500000)
  from space 24064K, 58% used [0x00000000edc80000,0x00000000eea2c0e0,0x00000000ef400000)
  to   space 24064K, 0% used [0x00000000ec500000,0x00000000ec500000,0x00000000edc80000)
 ParOldGen       total 106496K, used 58171K [0x0000000080000000, 0x0000000086800000, 0x00000000d5580000)
  object space 106496K, 54% used [0x0000000080000000,0x00000000838cef80,0x0000000086800000)
 Metaspace       used 58885K, capacity 60742K, committed 61096K, reserved 1101824K
  class space    used 7877K, capacity 8325K, committed 8368K, reserved 1048576K

Card table byte_map: [0x0000000011930000,0x0000000011d40000] byte_map_base: 0x0000000011530000

Marking Bits: (ParMarkBitMap*) 0x000000006223a6d0
 Begin Bits: [0x00000000123f0000, 0x00000000143f0000)
 End Bits:   [0x00000000143f0000, 0x00000000163f0000)

Polling page: 0x0000000000610000

CodeCache: size=245760Kb used=34327Kb max_used=34356Kb free=211432Kb
 bounds [0x0000000002570000, 0x0000000004740000, 0x0000000011570000]
 total_blobs=10240 nmethods=9472 adapters=680
 compilation: enabled

Compilation events (10 events):
Event: 44.990 Thread 0x0000000017190800 nmethod 11343 0x00000000043b3f90 code [0x00000000043b4160, 0x00000000043b4940]
Event: 44.990 Thread 0x0000000017190800 11446       4       com.android.dx.cf.code.RopperMachine::jopToRopOpcode (1106 bytes)
Event: 45.021 Thread 0x0000000017190800 nmethod 11446 0x0000000003e071d0 code [0x0000000003e07b60, 0x0000000003e084a8]
Event: 45.021 Thread 0x0000000017190800 11448       4       com.android.dx.ssa.PhiTypeResolver::run (179 bytes)
Event: 45.070 Thread 0x0000000017196000 11454       2       com.android.dx.dex.file.AnnotationUtils::makeMemberClasses (40 bytes)
Event: 45.071 Thread 0x0000000017196000 nmethod 11454 0x0000000003ed8dd0 code [0x0000000003ed8f80, 0x0000000003ed92e8]
Event: 45.093 Thread 0x0000000017196000 11455       2       com.android.dx.dex.code.form.Form51l::isCompatible (53 bytes)
Event: 45.093 Thread 0x0000000017196000 nmethod 11455 0x0000000003e06b90 code [0x0000000003e06d00, 0x0000000003e06fc8]
Event: 45.315 Thread 0x0000000017196000 11457       2       com.android.dx.dex.code.LocalStart::withMapper (20 bytes)
Event: 45.316 Thread 0x0000000017196000 nmethod 11457 0x0000000003ed8710 code [0x0000000003ed88a0, 0x0000000003ed8ba8]

GC Heap History (10 events):
Event: 36.477 GC heap before
{Heap before GC invocations=23 (full 3):
 PSYoungGen      total 284672K, used 284640K [0x00000000d5580000, 0x00000000eab00000, 0x0000000100000000)
  eden space 268288K, 100% used [0x00000000d5580000,0x00000000e5b80000,0x00000000e5b80000)
  from space 16384K, 99% used [0x00000000e5b80000,0x00000000e6b780a8,0x00000000e6b80000)
  to   space 18432K, 0% used [0x00000000e9900000,0x00000000e9900000,0x00000000eab00000)
 ParOldGen       total 106496K, used 39576K [0x0000000080000000, 0x0000000086800000, 0x00000000d5580000)
  object space 106496K, 37% used [0x0000000080000000,0x00000000826a63f8,0x0000000086800000)
 Metaspace       used 58798K, capacity 60736K, committed 61096K, reserved 1101824K
  class space    used 7874K, capacity 8324K, committed 8368K, reserved 1048576K
Event: 36.531 GC heap after
Heap after GC invocations=23 (full 3):
 PSYoungGen      total 329728K, used 16352K [0x00000000d5580000, 0x00000000eb300000, 0x0000000100000000)
  eden space 311296K, 0% used [0x00000000d5580000,0x00000000d5580000,0x00000000e8580000)
  from space 18432K, 88% used [0x00000000e9900000,0x00000000ea8f80b8,0x00000000eab00000)
  to   space 19968K, 0% used [0x00000000e8580000,0x00000000e8580000,0x00000000e9900000)
 ParOldGen       total 106496K, used 42481K [0x0000000080000000, 0x0000000086800000, 0x00000000d5580000)
  object space 106496K, 39% used [0x0000000080000000,0x000000008297c410,0x0000000086800000)
 Metaspace       used 58798K, capacity 60736K, committed 61096K, reserved 1101824K
  class space    used 7874K, capacity 8324K, committed 8368K, reserved 1048576K
}
Event: 37.895 GC heap before
{Heap before GC invocations=24 (full 3):
 PSYoungGen      total 329728K, used 327648K [0x00000000d5580000, 0x00000000eb300000, 0x0000000100000000)
  eden space 311296K, 100% used [0x00000000d5580000,0x00000000e8580000,0x00000000e8580000)
  from space 18432K, 88% used [0x00000000e9900000,0x00000000ea8f80b8,0x00000000eab00000)
  to   space 19968K, 0% used [0x00000000e8580000,0x00000000e8580000,0x00000000e9900000)
 ParOldGen       total 106496K, used 42481K [0x0000000080000000, 0x0000000086800000, 0x00000000d5580000)
  object space 106496K, 39% used [0x0000000080000000,0x000000008297c410,0x0000000086800000)
 Metaspace       used 58811K, capacity 60736K, committed 61096K, reserved 1101824K
  class space    used 7874K, capacity 8324K, committed 8368K, reserved 1048576K
Event: 37.945 GC heap after
Heap after GC invocations=24 (full 3):
 PSYoungGen      total 331264K, used 19938K [0x00000000d5580000, 0x00000000ef400000, 0x0000000100000000)
  eden space 311296K, 0% used [0x00000000d5580000,0x00000000d5580000,0x00000000e8580000)
  from space 19968K, 99% used [0x00000000e8580000,0x00000000e98f8880,0x00000000e9900000)
  to   space 24064K, 0% used [0x00000000edc80000,0x00000000edc80000,0x00000000ef400000)
 ParOldGen       total 106496K, used 45811K [0x0000000080000000, 0x0000000086800000, 0x00000000d5580000)
  object space 106496K, 43% used [0x0000000080000000,0x0000000082cbcf70,0x0000000086800000)
 Metaspace       used 58811K, capacity 60736K, committed 61096K, reserved 1101824K
  class space    used 7874K, capacity 8324K, committed 8368K, reserved 1048576K
}
Event: 39.735 GC heap before
{Heap before GC invocations=25 (full 3):
 PSYoungGen      total 331264K, used 331234K [0x00000000d5580000, 0x00000000ef400000, 0x0000000100000000)
  eden space 311296K, 100% used [0x00000000d5580000,0x00000000e8580000,0x00000000e8580000)
  from space 19968K, 99% used [0x00000000e8580000,0x00000000e98f8880,0x00000000e9900000)
  to   space 24064K, 0% used [0x00000000edc80000,0x00000000edc80000,0x00000000ef400000)
 ParOldGen       total 106496K, used 45811K [0x0000000080000000, 0x0000000086800000, 0x00000000d5580000)
  object space 106496K, 43% used [0x0000000080000000,0x0000000082cbcf70,0x0000000086800000)
 Metaspace       used 58816K, capacity 60736K, committed 61096K, reserved 1101824K
  class space    used 7874K, capacity 8324K, committed 8368K, reserved 1048576K
Event: 39.783 GC heap after
Heap after GC invocations=25 (full 3):
 PSYoungGen      total 399872K, used 16176K [0x00000000d5580000, 0x00000000ef680000, 0x0000000100000000)
  eden space 375808K, 0% used [0x00000000d5580000,0x00000000d5580000,0x00000000ec480000)
  from space 24064K, 67% used [0x00000000edc80000,0x00000000eec4c0b0,0x00000000ef400000)
  to   space 24576K, 0% used [0x00000000ec480000,0x00000000ec480000,0x00000000edc80000)
 ParOldGen       total 106496K, used 49459K [0x0000000080000000, 0x0000000086800000, 0x00000000d5580000)
  object space 106496K, 46% used [0x0000000080000000,0x000000008304cf70,0x0000000086800000)
 Metaspace       used 58816K, capacity 60736K, committed 61096K, reserved 1101824K
  class space    used 7874K, capacity 8324K, committed 8368K, reserved 1048576K
}
Event: 41.833 GC heap before
{Heap before GC invocations=26 (full 3):
 PSYoungGen      total 399872K, used 391984K [0x00000000d5580000, 0x00000000ef680000, 0x0000000100000000)
  eden space 375808K, 100% used [0x00000000d5580000,0x00000000ec480000,0x00000000ec480000)
  from space 24064K, 67% used [0x00000000edc80000,0x00000000eec4c0b0,0x00000000ef400000)
  to   space 24576K, 0% used [0x00000000ec480000,0x00000000ec480000,0x00000000edc80000)
 ParOldGen       total 106496K, used 49459K [0x0000000080000000, 0x0000000086800000, 0x00000000d5580000)
  object space 106496K, 46% used [0x0000000080000000,0x000000008304cf70,0x0000000086800000)
 Metaspace       used 58847K, capacity 60742K, committed 61096K, reserved 1101824K
  class space    used 7875K, capacity 8325K, committed 8368K, reserved 1048576K
Event: 41.908 GC heap after
Heap after GC invocations=26 (full 3):
 PSYoungGen      total 400384K, used 15280K [0x00000000d5580000, 0x00000000ef680000, 0x0000000100000000)
  eden space 375808K, 0% used [0x00000000d5580000,0x00000000d5580000,0x00000000ec480000)
  from space 24576K, 62% used [0x00000000ec480000,0x00000000ed36c0f0,0x00000000edc80000)
  to   space 24064K, 0% used [0x00000000edc80000,0x00000000edc80000,0x00000000ef400000)
 ParOldGen       total 106496K, used 54171K [0x0000000080000000, 0x0000000086800000, 0x00000000d5580000)
  object space 106496K, 50% used [0x0000000080000000,0x00000000834e6f80,0x0000000086800000)
 Metaspace       used 58847K, capacity 60742K, committed 61096K, reserved 1101824K
  class space    used 7875K, capacity 8325K, committed 8368K, reserved 1048576K
}
Event: 44.210 GC heap before
{Heap before GC invocations=27 (full 3):
 PSYoungGen      total 400384K, used 391088K [0x00000000d5580000, 0x00000000ef680000, 0x0000000100000000)
  eden space 375808K, 100% used [0x00000000d5580000,0x00000000ec480000,0x00000000ec480000)
  from space 24576K, 62% used [0x00000000ec480000,0x00000000ed36c0f0,0x00000000edc80000)
  to   space 24064K, 0% used [0x00000000edc80000,0x00000000edc80000,0x00000000ef400000)
 ParOldGen       total 106496K, used 54171K [0x0000000080000000, 0x0000000086800000, 0x00000000d5580000)
  object space 106496K, 50% used [0x0000000080000000,0x00000000834e6f80,0x0000000086800000)
 Metaspace       used 58881K, capacity 60742K, committed 61096K, reserved 1101824K
  class space    used 7877K, capacity 8325K, committed 8368K, reserved 1048576K
Event: 44.242 GC heap after
Heap after GC invocations=27 (full 3):
 PSYoungGen      total 400384K, used 14000K [0x00000000d5580000, 0x00000000f4180000, 0x0000000100000000)
  eden space 376320K, 0% used [0x00000000d5580000,0x00000000d5580000,0x00000000ec500000)
  from space 24064K, 58% used [0x00000000edc80000,0x00000000eea2c0e0,0x00000000ef400000)
  to   space 24064K, 0% used [0x00000000ec500000,0x00000000ec500000,0x00000000edc80000)
 ParOldGen       total 106496K, used 58171K [0x0000000080000000, 0x0000000086800000, 0x00000000d5580000)
  object space 106496K, 54% used [0x0000000080000000,0x00000000838cef80,0x0000000086800000)
 Metaspace       used 58881K, capacity 60742K, committed 61096K, reserved 1101824K
  class space    used 7877K, capacity 8325K, committed 8368K, reserved 1048576K
}

Deoptimization events (10 events):
Event: 42.041 Thread 0x000000001dcec800 Uncommon trap: reason=unstable_if action=reinterpret pc=0x0000000003f1e928 method=com.android.dx.rop.cst.CstBaseMethodRef.isSignaturePolymorphic()Z @ 10
Event: 42.043 Thread 0x000000001dcec800 Uncommon trap: reason=unstable_if action=reinterpret pc=0x00000000045e6100 method=com.android.dx.rop.cst.CstBaseMethodRef.isSignaturePolymorphic()Z @ 10
Event: 42.043 Thread 0x000000001dcec800 Uncommon trap: reason=unstable_if action=reinterpret pc=0x000000000428c030 method=com.android.dx.rop.cst.CstBaseMethodRef.isSignaturePolymorphic()Z @ 10
Event: 43.024 Thread 0x000000001dcec000 Uncommon trap: reason=unstable_if action=reinterpret pc=0x00000000045c4084 method=com.android.dx.dex.code.LocalList$MakeState.snapshot(ILcom/android/dx/rop/code/RegisterSpecSet;)V @ 86
Event: 43.170 Thread 0x000000001dcf3000 Uncommon trap: reason=unstable_if action=reinterpret pc=0x0000000003d66618 method=com.android.dx.ssa.SsaMethod.makeExitBlock()V @ 103
Event: 43.170 Thread 0x000000001dcf3000 Uncommon trap: reason=unstable_if action=reinterpret pc=0x0000000003eaffc4 method=com.android.dx.ssa.SsaMethod.getExitBlock()Lcom/android/dx/ssa/SsaBasicBlock; @ 4
Event: 43.170 Thread 0x000000001dcf3000 Uncommon trap: reason=unstable_if action=reinterpret pc=0x0000000003cb4474 method=com.android.dx.ssa.SsaMethod.getExitBlock()Lcom/android/dx/ssa/SsaBasicBlock; @ 4
Event: 43.170 Thread 0x000000001dcf3000 Uncommon trap: reason=unstable_if action=reinterpret pc=0x0000000004531e70 method=com.android.dx.ssa.SsaMethod.getExitBlock()Lcom/android/dx/ssa/SsaBasicBlock; @ 4
Event: 43.978 Thread 0x000000001dcf3800 Uncommon trap: reason=class_check action=maybe_recompile pc=0x0000000004558db0 method=com.android.dx.ssa.ConstCollector.getConstsSortedByCountUse()Ljava/util/ArrayList; @ 282
Event: 43.978 Thread 0x000000001dcf3800 Uncommon trap: reason=unstable_if action=reinterpret pc=0x0000000002e63e9c method=java.util.HashMap.getNode(ILjava/lang/Object;)Ljava/util/HashMap$Node; @ 84

Internal exceptions (10 events):
Event: 44.576 Thread 0x000000001dcec000 Exception <a 'sun/nio/fs/WindowsException'> (0x00000000d8d1fb68) thrown at [C:\re\workspace\8-2-build-windows-amd64-cygwin\jdk8u101\7261\hotspot\src\share\vm\prims\jni.cpp, line 709]
Event: 44.761 Thread 0x000000001dcf3800 Exception <a 'sun/nio/fs/WindowsException'> (0x00000000dbff4e80) thrown at [C:\re\workspace\8-2-build-windows-amd64-cygwin\jdk8u101\7261\hotspot\src\share\vm\prims\jni.cpp, line 709]
Event: 44.770 Thread 0x000000001dcec800 Exception <a 'sun/nio/fs/WindowsException'> (0x00000000dbd68820) thrown at [C:\re\workspace\8-2-build-windows-amd64-cygwin\jdk8u101\7261\hotspot\src\share\vm\prims\jni.cpp, line 709]
Event: 44.799 Thread 0x000000001dcf3000 Exception <a 'sun/nio/fs/WindowsException'> (0x00000000dc9e81f0) thrown at [C:\re\workspace\8-2-build-windows-amd64-cygwin\jdk8u101\7261\hotspot\src\share\vm\prims\jni.cpp, line 709]
Event: 44.966 Thread 0x000000001dcf3000 Exception <a 'sun/nio/fs/WindowsException'> (0x00000000def2f798) thrown at [C:\re\workspace\8-2-build-windows-amd64-cygwin\jdk8u101\7261\hotspot\src\share\vm\prims\jni.cpp, line 709]
Event: 44.980 Thread 0x000000001dcec800 Exception <a 'sun/nio/fs/WindowsException'> (0x00000000de8e5060) thrown at [C:\re\workspace\8-2-build-windows-amd64-cygwin\jdk8u101\7261\hotspot\src\share\vm\prims\jni.cpp, line 709]
Event: 45.137 Thread 0x000000001dcf3800 Exception <a 'sun/nio/fs/WindowsException'> (0x00000000e0d68320) thrown at [C:\re\workspace\8-2-build-windows-amd64-cygwin\jdk8u101\7261\hotspot\src\share\vm\prims\jni.cpp, line 709]
Event: 45.396 Thread 0x000000001dcec000 Exception <a 'sun/nio/fs/WindowsException'> (0x00000000e29617a8) thrown at [C:\re\workspace\8-2-build-windows-amd64-cygwin\jdk8u101\7261\hotspot\src\share\vm\prims\jni.cpp, line 709]
Event: 45.419 Thread 0x000000001dcf3000 Exception <a 'sun/nio/fs/WindowsException'> (0x00000000e26455b8) thrown at [C:\re\workspace\8-2-build-windows-amd64-cygwin\jdk8u101\7261\hotspot\src\share\vm\prims\jni.cpp, line 709]
Event: 45.419 Thread 0x000000001dcec800 Exception <a 'sun/nio/fs/WindowsException'> (0x00000000e2c89af8) thrown at [C:\re\workspace\8-2-build-windows-amd64-cygwin\jdk8u101\7261\hotspot\src\share\vm\prims\jni.cpp, line 709]

Events (10 events):
Event: 44.631 Thread 0x0000000017190800 flushing nmethod 0x00000000043a4f90
Event: 44.826 Thread 0x000000001dcec800 DEOPT PACKING pc=0x0000000004122022 sp=0x00000000240be2a0
Event: 44.826 Thread 0x000000001dcec800 DEOPT UNPACKING pc=0x00000000025b787f sp=0x00000000240bdf90 mode 0
Event: 44.868 Thread 0x000000001dcec000 DEOPT PACKING pc=0x0000000003033122 sp=0x0000000023ebe910
Event: 44.868 Thread 0x000000001dcec000 DEOPT UNPACKING pc=0x00000000025b787f sp=0x0000000023ebe6f0 mode 0
Event: 45.001 Thread 0x000000001dcf3800 DEOPT PACKING pc=0x0000000003033122 sp=0x0000000023fbe770
Event: 45.002 Thread 0x000000001dcf3800 DEOPT UNPACKING pc=0x00000000025b787f sp=0x0000000023fbe550 mode 0
Event: 45.173 Thread 0x000000001dcec000 DEOPT PACKING pc=0x0000000003033122 sp=0x0000000023ebe910
Event: 45.173 Thread 0x000000001dcec000 DEOPT UNPACKING pc=0x00000000025b787f sp=0x0000000023ebe6f0 mode 0
Event: 45.316 Thread 0x0000000017196000 flushing nmethod 0x000000000276e550


Dynamic libraries:
0x00007ff7176f0000 - 0x00007ff717727000 	C:\Program Files\Java\jdk1.8.0_101\bin\java.exe
0x00007ffb33880000 - 0x00007ffb33a52000 	C:\WINDOWS\SYSTEM32\ntdll.dll
0x00007ffb32c20000 - 0x00007ffb32ccc000 	C:\WINDOWS\System32\KERNEL32.DLL
0x00007ffb2ffa0000 - 0x00007ffb301bd000 	C:\WINDOWS\System32\KERNELBASE.dll
0x00007ffb32e10000 - 0x00007ffb32eb2000 	C:\WINDOWS\System32\ADVAPI32.dll
0x00007ffb31240000 - 0x00007ffb312de000 	C:\WINDOWS\System32\msvcrt.dll
0x00007ffb312e0000 - 0x00007ffb31339000 	C:\WINDOWS\System32\sechost.dll
0x00007ffb31340000 - 0x00007ffb31461000 	C:\WINDOWS\System32\RPCRT4.dll
0x00007ffb33700000 - 0x00007ffb33865000 	C:\WINDOWS\System32\USER32.dll
0x00007ffb2fdd0000 - 0x00007ffb2fdee000 	C:\WINDOWS\System32\win32u.dll
0x00007ffb314d0000 - 0x00007ffb31504000 	C:\WINDOWS\System32\GDI32.dll
0x00007ffb30c90000 - 0x00007ffb30e10000 	C:\WINDOWS\System32\gdi32full.dll
0x00007ffb25a70000 - 0x00007ffb25cea000 	C:\WINDOWS\WinSxS\amd64_microsoft.windows.common-controls_6595b64144ccf1df_6.0.14393.953_none_42151e83c686086b\COMCTL32.dll
0x00007ffb33090000 - 0x00007ffb33358000 	C:\WINDOWS\System32\combase.dll
0x00007ffb2fdf0000 - 0x00007ffb2fee5000 	C:\WINDOWS\System32\ucrtbase.dll
0x00007ffb30bc0000 - 0x00007ffb30c2a000 	C:\WINDOWS\System32\bcryptPrimitives.dll
0x00007ffb32bf0000 - 0x00007ffb32c1e000 	C:\WINDOWS\System32\IMM32.DLL
0x00007ffb2fc00000 - 0x00007ffb2fc30000 	C:\WINDOWS\system32\DriverStore\FileRepository\nvhm.inf_amd64_7c553af4468727c1\nvinitx.dll
0x00007ffb2fbf0000 - 0x00007ffb2fbfa000 	C:\WINDOWS\SYSTEM32\VERSION.dll
0x00000000622c0000 - 0x0000000062392000 	C:\Program Files\Java\jdk1.8.0_101\jre\bin\msvcr100.dll
0x0000000061a20000 - 0x00000000622ba000 	C:\Program Files\Java\jdk1.8.0_101\jre\bin\server\jvm.dll
0x00007ffb31630000 - 0x00007ffb31638000 	C:\WINDOWS\System32\PSAPI.DLL
0x00007ffb24030000 - 0x00007ffb24039000 	C:\WINDOWS\SYSTEM32\WSOCK32.dll
0x00007ffb2e1e0000 - 0x00007ffb2e203000 	C:\WINDOWS\SYSTEM32\WINMM.dll
0x00007ffb32ec0000 - 0x00007ffb32f2a000 	C:\WINDOWS\System32\WS2_32.dll
0x00007ffb2e0a0000 - 0x00007ffb2e0cb000 	C:\WINDOWS\SYSTEM32\winmmbase.dll
0x00007ffb2fd80000 - 0x00007ffb2fdc2000 	C:\WINDOWS\System32\cfgmgr32.dll
0x0000000061a10000 - 0x0000000061a1f000 	C:\Program Files\Java\jdk1.8.0_101\jre\bin\verify.dll
0x00000000619e0000 - 0x0000000061a09000 	C:\Program Files\Java\jdk1.8.0_101\jre\bin\java.dll
0x00000000619c0000 - 0x00000000619d6000 	C:\Program Files\Java\jdk1.8.0_101\jre\bin\zip.dll
0x00007ffb316e0000 - 0x00007ffb32be9000 	C:\WINDOWS\System32\SHELL32.dll
0x00007ffb30310000 - 0x00007ffb309e9000 	C:\WINDOWS\System32\windows.storage.dll
0x00007ffb2fd30000 - 0x00007ffb2fd7c000 	C:\WINDOWS\System32\powrprof.dll
0x00007ffb31470000 - 0x00007ffb314c2000 	C:\WINDOWS\System32\shlwapi.dll
0x00007ffb2fd00000 - 0x00007ffb2fd0f000 	C:\WINDOWS\System32\kernel.appcore.dll
0x00007ffb301c0000 - 0x00007ffb30269000 	C:\WINDOWS\System32\shcore.dll
0x00007ffb2fd10000 - 0x00007ffb2fd24000 	C:\WINDOWS\System32\profapi.dll
0x00000000619a0000 - 0x00000000619ba000 	C:\Program Files\Java\jdk1.8.0_101\jre\bin\net.dll
0x00007ffb2f5e0000 - 0x00007ffb2f63c000 	C:\WINDOWS\system32\mswsock.dll
0x0000000061980000 - 0x0000000061991000 	C:\Program Files\Java\jdk1.8.0_101\jre\bin\nio.dll
0x00007ffb1e420000 - 0x00007ffb1e43e000 	C:\Users\vivek\.gradle\native\25\windows-amd64\native-platform.dll
0x0000000061970000 - 0x000000006197d000 	C:\Program Files\Java\jdk1.8.0_101\jre\bin\management.dll
0x00007ffb2f780000 - 0x00007ffb2f797000 	C:\WINDOWS\SYSTEM32\CRYPTSP.dll
0x00007ffb2f180000 - 0x00007ffb2f1b3000 	C:\WINDOWS\system32\rsaenh.dll
0x00007ffb2fc30000 - 0x00007ffb2fc5b000 	C:\WINDOWS\SYSTEM32\bcrypt.dll
0x00007ffb2f460000 - 0x00007ffb2f47f000 	C:\WINDOWS\SYSTEM32\USERENV.dll
0x00007ffb2f7a0000 - 0x00007ffb2f7ab000 	C:\WINDOWS\SYSTEM32\CRYPTBASE.dll
0x00007ffb2f360000 - 0x00007ffb2f398000 	C:\WINDOWS\SYSTEM32\IPHLPAPI.DLL
0x00007ffb33500000 - 0x00007ffb33508000 	C:\WINDOWS\System32\NSI.dll
0x00007ffb2a450000 - 0x00007ffb2a466000 	C:\WINDOWS\SYSTEM32\dhcpcsvc6.DLL
0x00007ffb2a430000 - 0x00007ffb2a44a000 	C:\WINDOWS\SYSTEM32\dhcpcsvc.DLL

VM Arguments:
jvm_args: -Xmx2048m -Dfile.encoding=windows-1252 -Duser.country=GB -Duser.language=en -Duser.variant 
java_command: org.gradle.launcher.daemon.bootstrap.GradleDaemon 4.1
java_class_path (initial): C:\Users\vivek\.gradle\wrapper\dists\gradle-4.1-all\bzyivzo6n839fup2jbap0tjew\gradle-4.1\lib\gradle-launcher-4.1.jar
Launcher Type: SUN_STANDARD

Environment Variables:
JAVA_HOME=C:\Program Files\Java\jdk1.7.0_40\
PATH=C:\Program Files\Broadcom\Broadcom 802.11\Driver;;C:\Program Files (x86)\python35\Scripts\;C:\Program Files (x86)\python35\;C:\ProgramData\Oracle\Java\javapath;C:\WINDOWS\system32;C:\WINDOWS;C:\WINDOWS\System32\Wbem;C:\WINDOWS\System32\WindowsPowerShell\v1.0\;C:\Program Files\Java\jdk1.7.0_40\bin;C:\Program Files\TortoiseHg\;C:\Program Files (x86)\QuickTime\QTSystem\;C:\WINDOWS\system32;C:\WINDOWS;C:\WINDOWS\System32\Wbem;C:\WINDOWS\System32\WindowsPowerShell\v1.0\;C:\Users\vivek\AppData\Local\GitHub\PortableGit_25d850739bc178b2eb13c3e2a9faafea2f9143c0\bin;C:\Program Files (x86)\python27\Scripts;C:\Program Files (x86)\python27;C:\Program Files (x86)\python27\Lib\site-packages;C:\Program Files (x86)\Heroku\bin;C:\Program Files (x86)\git\cmd;C:\Program Files (x86)\Git\cmd;C:\Program Files\Java\jdk1.8.0_101\bin;C:\Users\vivek\Documents\GitHub\pythonWorkspace\bat;C:\Program Files\Intel\WiFi\bin\;C:\Program Files\Common Files\Intel\WirelessCommon\;C:\Program Files (x86)\Skype\Phone\;C:\Program Files\nodejs\;C:\Users\vivek\AppData\Local\GitHub\PortableGit_25d850739bc178b2eb13c3e2a9faafea2f9143c0\bin;C:\Users\vivek\AppData\Local\atom\bin;C:\Program Files (x86)\Google\google_appengine\;C:\Users\vivek\AppData\Local\Microsoft\WindowsApps;C:\Program Files (x86)\python27;C:\Program Files (x86)\python27\Lib\site-packages;C:\Program Files (x86)\python27\Scripts;C:\Program Files (x86)\Microsoft VS Code\bin;C:\Program Files\Intel\WiFi\bin\;C:\Program Files\Common Files\Intel\WirelessCommon\;C:\Users\vivek\AppData\Roaming\npm;C:\Program Files\MongoDB\Server\3.4\bin;C:\Users\vivek\AppData\Local\Google\Cloud SDK\google-cloud-sdk\bin
USERNAME=keviv
OS=Windows_NT
PROCESSOR_IDENTIFIER=Intel64 Family 6 Model 42 Stepping 7, GenuineIntel



---------------  S Y S T E M  ---------------

OS: Windows 10.0 , 64 bit Build 14393 (10.0.14393.1198)

CPU:total 4 (2 cores per cpu, 2 threads per core) family 6 model 42 stepping 7, cmov, cx8, fxsr, mmx, sse, sse2, sse3, ssse3, sse4.1, sse4.2, popcnt, avx, aes, clmul, ht, tsc, tscinvbit

Memory: 4k page, physical 6183932k(1214952k free), swap 7873532k(3112k free)

vm_info: Java HotSpot(TM) 64-Bit Server VM (25.101-b13) for windows-amd64 JRE (1.8.0_101-b13), built on Jun 22 2016 01:21:29 by "java_re" with MS VC++ 10.0 (VS2010)

time: Wed Jan 24 20:29:25 2018
elapsed time: 45 seconds (0d 0h 0m 45s)

