#
# There is insufficient memory for the Java Runtime Environment to continue.
# Native memory allocation (malloc) failed to allocate 883248 bytes for Chunk::new
# Possible reasons:
#   The system is out of physical RAM or swap space
#   In 32 bit mode, the process size limit was hit
# Possible solutions:
#   Reduce memory load on the system
#   Increase physical memory or swap space
#   Check if swap backing store is full
#   Use 64 bit Java on a 64 bit OS
#   Decrease Java heap size (-Xmx/-Xms)
#   Decrease number of Java threads
#   Decrease Java thread stack sizes (-Xss)
#   Set larger code cache with -XX:ReservedCodeCacheSize=
# This output file may be truncated or incomplete.
#
#  Out of Memory Error (allocation.cpp:390), pid=8664, tid=0x0000000000001138
#
# JRE version: Java(TM) SE Runtime Environment (8.0_101-b13) (build 1.8.0_101-b13)
# Java VM: Java HotSpot(TM) 64-Bit Server VM (25.101-b13 mixed mode windows-amd64 compressed oops)
# Failed to write core dump. Minidumps are not enabled by default on client versions of Windows
#

---------------  T H R E A D  ---------------

Current thread (0x000000001781f800):  JavaThread "C2 CompilerThread0" daemon [_thread_in_native, id=4408, stack(0x0000000018e80000,0x0000000018f80000)]

Stack: [0x0000000018e80000,0x0000000018f80000]
[error occurred during error reporting (printing stack bounds), id 0xc0000005]

Native frames: (J=compiled Java code, j=interpreted, Vv=VM code, C=native code)


Current CompileTask:
C2:9002730 24385   !   4       com.android.dx.cf.code.BytecodeArray::parseInstruction (2796 bytes)


---------------  P R O C E S S  ---------------

Java Threads: ( => current thread )
  0x000000001ce0f000 JavaThread "ForkJoinPool.commonPool-worker-2" daemon [_thread_in_Java, id=5052, stack(0x0000000039720000,0x0000000039820000)]
  0x000000001ce0b800 JavaThread "ForkJoinPool.commonPool-worker-1" daemon [_thread_in_Java, id=8160, stack(0x0000000039520000,0x0000000039620000)]
  0x000000001ce0a800 JavaThread "ForkJoinPool.commonPool-worker-0" daemon [_thread_in_Java, id=7832, stack(0x0000000039420000,0x0000000039520000)]
  0x000000001ce07000 JavaThread "ForkJoinPool.commonPool-worker-3" daemon [_thread_in_Java, id=7224, stack(0x0000000039320000,0x0000000039420000)]
  0x000000001ce08800 JavaThread "Cache worker for Java compile cache (C:\Users\vivek\Documents\GitHub\PracticeApps\Gettingstarted\.gradle\4.1\javaCompile)" [_thread_blocked, id=8188, stack(0x0000000039020000,0x0000000039120000)]
  0x00000000245ee000 JavaThread "Task worker for ':' Thread 3" [_thread_blocked, id=7472, stack(0x0000000037520000,0x0000000037620000)]
  0x00000000245e6800 JavaThread "Task worker for ':' Thread 2" [_thread_in_native, id=952, stack(0x0000000037420000,0x0000000037520000)]
  0x00000000245ed000 JavaThread "Task worker for ':'" [_thread_blocked, id=6476, stack(0x0000000037320000,0x0000000037420000)]
  0x00000000245ec800 JavaThread "Cache worker for task history cache (C:\Users\vivek\Documents\GitHub\PracticeApps\Gettingstarted\.gradle\4.1\taskHistory)" [_thread_blocked, id=7936, stack(0x0000000037220000,0x0000000037320000)]
  0x00000000245e5000 JavaThread "Cache worker for file content cache (C:\Users\vivek\Documents\GitHub\PracticeApps\Gettingstarted\.gradle\4.1\fileContent)" [_thread_blocked, id=9604, stack(0x0000000037120000,0x0000000037220000)]
  0x00000000245eb000 JavaThread "build operations Thread 4" [_thread_blocked, id=7376, stack(0x0000000037020000,0x0000000037120000)]
  0x00000000245eb800 JavaThread "build operations Thread 3" [_thread_blocked, id=5764, stack(0x0000000036f20000,0x0000000037020000)]
  0x00000000245e5800 JavaThread "build operations Thread 2" [_thread_blocked, id=2140, stack(0x0000000036e20000,0x0000000036f20000)]
  0x00000000245e3800 JavaThread "build operations" [_thread_blocked, id=8156, stack(0x0000000036d20000,0x0000000036e20000)]
  0x00000000245ea000 JavaThread "Cache worker for Artifact transforms cache (C:\Users\vivek\.gradle\caches\transforms-1)" [_thread_blocked, id=7448, stack(0x0000000036c20000,0x0000000036d20000)]
  0x00000000245e8000 JavaThread "Cache worker for file hash cache (C:\Users\vivek\Documents\GitHub\PracticeApps\Gettingstarted\.gradle\4.1\fileHashes)" [_thread_blocked, id=7140, stack(0x0000000036b20000,0x0000000036c20000)]
  0x00000000245e8800 JavaThread "Asynchronous log dispatcher for DefaultDaemonConnection: socket connection from /127.0.0.1:54759 to /127.0.0.1:56172" [_thread_blocked, id=3332, stack(0x0000000036920000,0x0000000036a20000)]
  0x00000000245e1000 JavaThread "Daemon worker Thread 6" [_thread_blocked, id=5824, stack(0x0000000036820000,0x0000000036920000)]
  0x00000000245e4000 JavaThread "Cancel handler" [_thread_blocked, id=608, stack(0x0000000036720000,0x0000000036820000)]
  0x00000000245e7000 JavaThread "Handler for socket connection from /127.0.0.1:54759 to /127.0.0.1:56172" [_thread_in_native, id=8916, stack(0x0000000036620000,0x0000000036720000)]
  0x00000000245e2000 JavaThread "Daemon Thread 6" [_thread_blocked, id=5028, stack(0x0000000036520000,0x0000000036620000)]
  0x000000001ce09000 JavaThread "Memory manager" [_thread_blocked, id=6864, stack(0x00000000227f0000,0x00000000228f0000)]
  0x000000001ae90800 JavaThread "File lock request listener" [_thread_in_native, id=6372, stack(0x000000001d190000,0x000000001d290000)]
  0x000000001ae90000 JavaThread "Cache worker for file hash cache (C:\Users\vivek\.gradle\caches\4.1\fileHashes)" [_thread_blocked, id=4136, stack(0x000000001d090000,0x000000001d190000)]
  0x000000001adfb000 JavaThread "Daemon periodic checks" [_thread_blocked, id=7044, stack(0x000000001b7c0000,0x000000001b8c0000)]
  0x000000001a7e3800 JavaThread "Incoming local TCP Connector on port 54759" [_thread_in_native, id=9576, stack(0x000000001b590000,0x000000001b690000)]
  0x000000001a869800 JavaThread "Daemon health stats" [_thread_blocked, id=8952, stack(0x000000001af50000,0x000000001b050000)]
  0x00000000191b0800 JavaThread "Service Thread" daemon [_thread_blocked, id=9760, stack(0x0000000019580000,0x0000000019680000)]
  0x0000000017825000 JavaThread "C1 CompilerThread2" daemon [_thread_blocked, id=7468, stack(0x0000000019080000,0x0000000019180000)]
  0x0000000017822000 JavaThread "C2 CompilerThread1" daemon [_thread_in_native, id=1596, stack(0x0000000018f80000,0x0000000019080000)]
=>0x000000001781f800 JavaThread "C2 CompilerThread0" daemon [_thread_in_native, id=4408, stack(0x0000000018e80000,0x0000000018f80000)]
  0x000000001781c000 JavaThread "Attach Listener" daemon [_thread_blocked, id=6948, stack(0x0000000018d80000,0x0000000018e80000)]
  0x000000001781a800 JavaThread "Signal Dispatcher" daemon [_thread_blocked, id=7528, stack(0x0000000018c80000,0x0000000018d80000)]
  0x0000000002b7d000 JavaThread "Finalizer" daemon [_thread_blocked, id=3832, stack(0x0000000018a90000,0x0000000018b90000)]
  0x0000000002b71800 JavaThread "Reference Handler" daemon [_thread_blocked, id=8932, stack(0x0000000018990000,0x0000000018a90000)]
  0x0000000002bfe000 JavaThread "main" [_thread_blocked, id=792, stack(0x0000000002920000,0x0000000002a20000)]

Other Threads:
  0x00000000177e6800 VMThread [stack: 0x0000000018890000,0x0000000018990000] [id=7496]
  0x00000000191da800 WatcherThread [stack: 0x0000000019680000,0x0000000019780000] [id=5264]

VM state:not at safepoint (normal execution)

VM Mutex/Monitor currently owned by a thread: None

Heap:
 PSYoungGen      total 321536K, used 291981K [0x00000000d5580000, 0x00000000ec880000, 0x0000000100000000)
  eden space 264704K, 96% used [0x00000000d5580000,0x00000000e4dc1950,0x00000000e5800000)
  from space 56832K, 66% used [0x00000000e5800000,0x00000000e7ce1b58,0x00000000e8f80000)
  to   space 54272K, 0% used [0x00000000e8f80000,0x00000000e8f80000,0x00000000ec480000)
 ParOldGen       total 174592K, used 67966K [0x0000000080000000, 0x000000008aa80000, 0x00000000d5580000)
  object space 174592K, 38% used [0x0000000080000000,0x000000008425fa10,0x000000008aa80000)
 Metaspace       used 100554K, capacity 107570K, committed 107672K, reserved 1142784K
  class space    used 12865K, capacity 14403K, committed 14496K, reserved 1048576K

Card table byte_map: [0x0000000011fc0000,0x00000000123d0000] byte_map_base: 0x0000000011bc0000

Marking Bits: (ParMarkBitMap*) 0x000000006223a6d0
 Begin Bits: [0x0000000012a80000, 0x0000000014a80000)
 End Bits:   [0x0000000014a80000, 0x0000000016a80000)

Polling page: 0x00000000011c0000

CodeCache: size=245760Kb used=71383Kb max_used=71510Kb free=174377Kb
 bounds [0x0000000002c00000, 0x0000000007240000, 0x0000000011c00000]
 total_blobs=19908 nmethods=19048 adapters=771
 compilation: enabled

Compilation events (10 events):
Event: 8999.280 Thread 0x0000000017825000 nmethod 24410 0x0000000002d34350 code [0x0000000002d344c0, 0x0000000002d34648]
Event: 8999.311 Thread 0x0000000017825000 24411 %     3       com.android.dx.util.Hex::u2 @ 6 (44 bytes)
Event: 8999.312 Thread 0x0000000017825000 nmethod 24411% 0x00000000031227d0 code [0x0000000003122980, 0x0000000003123058]
Event: 8999.340 Thread 0x0000000017825000 24412 %     3       com.android.dx.ssa.PhiInsn::updateSourcesToDefinitions @ 8 (68 bytes)
Event: 8999.341 Thread 0x0000000017825000 nmethod 24412% 0x0000000002e17c50 code [0x0000000002e17e60, 0x0000000002e18b68]
Event: 8999.360 Thread 0x0000000017825000 24414       1       com.android.dx.rop.cst.CstLiteral64::isCategory2 (2 bytes)
Event: 8999.360 Thread 0x0000000017825000 nmethod 24414 0x00000000071ef450 code [0x00000000071ef5a0, 0x00000000071ef6b0]
Event: 8999.387 Thread 0x0000000017825000 24415       2       com.android.dx.dex.code.SwitchData::sparseCodeSize (16 bytes)
Event: 8999.387 Thread 0x0000000017825000 nmethod 24415 0x00000000071fc490 code [0x00000000071fc5e0, 0x00000000071fc730]
Event: 8999.422 Thread 0x0000000017825000 24417       3       com.android.dx.dex.file.TypeListItem::writeTo0 (210 bytes)

GC Heap History (10 events):
Event: 8973.762 GC heap before
{Heap before GC invocations=47 (full 4):
 PSYoungGen      total 237568K, used 220398K [0x00000000d5580000, 0x00000000e8700000, 0x0000000100000000)
  eden space 191488K, 100% used [0x00000000d5580000,0x00000000e1080000,0x00000000e1080000)
  from space 46080K, 62% used [0x00000000e3e80000,0x00000000e5abba28,0x00000000e6b80000)
  to   space 47104K, 0% used [0x00000000e1080000,0x00000000e1080000,0x00000000e3e80000)
 ParOldGen       total 174592K, used 63676K [0x0000000080000000, 0x000000008aa80000, 0x00000000d5580000)
  object space 174592K, 36% used [0x0000000080000000,0x0000000083e2f0c8,0x000000008aa80000)
 Metaspace       used 96292K, capacity 103140K, committed 103448K, reserved 1138688K
  class space    used 12524K, capacity 14030K, committed 14112K, reserved 1048576K
Event: 8973.804 GC heap after
Heap after GC invocations=47 (full 4):
 PSYoungGen      total 238592K, used 30401K [0x00000000d5580000, 0x00000000e9400000, 0x0000000100000000)
  eden space 191488K, 0% used [0x00000000d5580000,0x00000000d5580000,0x00000000e1080000)
  from space 47104K, 64% used [0x00000000e1080000,0x00000000e2e30790,0x00000000e3e80000)
  to   space 48640K, 0% used [0x00000000e6480000,0x00000000e6480000,0x00000000e9400000)
 ParOldGen       total 174592K, used 63902K [0x0000000080000000, 0x000000008aa80000, 0x00000000d5580000)
  object space 174592K, 36% used [0x0000000080000000,0x0000000083e67898,0x000000008aa80000)
 Metaspace       used 96292K, capacity 103140K, committed 103448K, reserved 1138688K
  class space    used 12524K, capacity 14030K, committed 14112K, reserved 1048576K
}
Event: 8991.665 GC heap before
{Heap before GC invocations=48 (full 4):
 PSYoungGen      total 238592K, used 221889K [0x00000000d5580000, 0x00000000e9400000, 0x0000000100000000)
  eden space 191488K, 100% used [0x00000000d5580000,0x00000000e1080000,0x00000000e1080000)
  from space 47104K, 64% used [0x00000000e1080000,0x00000000e2e30790,0x00000000e3e80000)
  to   space 48640K, 0% used [0x00000000e6480000,0x00000000e6480000,0x00000000e9400000)
 ParOldGen       total 174592K, used 63902K [0x0000000080000000, 0x000000008aa80000, 0x00000000d5580000)
  object space 174592K, 36% used [0x0000000080000000,0x0000000083e67898,0x000000008aa80000)
 Metaspace       used 100110K, capacity 107110K, committed 107416K, reserved 1142784K
  class space    used 12862K, capacity 14403K, committed 14496K, reserved 1048576K
Event: 8991.744 GC heap after
Heap after GC invocations=48 (full 4):
 PSYoungGen      total 274432K, used 36435K [0x00000000d5580000, 0x00000000e9900000, 0x0000000100000000)
  eden space 225792K, 0% used [0x00000000d5580000,0x00000000d5580000,0x00000000e3200000)
  from space 48640K, 74% used [0x00000000e6480000,0x00000000e8814f90,0x00000000e9400000)
  to   space 51712K, 0% used [0x00000000e3200000,0x00000000e3200000,0x00000000e6480000)
 ParOldGen       total 174592K, used 65186K [0x0000000080000000, 0x000000008aa80000, 0x00000000d5580000)
  object space 174592K, 37% used [0x0000000080000000,0x0000000083fa8a40,0x000000008aa80000)
 Metaspace       used 100110K, capacity 107110K, committed 107416K, reserved 1142784K
  class space    used 12862K, capacity 14403K, committed 14496K, reserved 1048576K
}
Event: 8994.185 GC heap before
{Heap before GC invocations=49 (full 4):
 PSYoungGen      total 274432K, used 262227K [0x00000000d5580000, 0x00000000e9900000, 0x0000000100000000)
  eden space 225792K, 100% used [0x00000000d5580000,0x00000000e3200000,0x00000000e3200000)
  from space 48640K, 74% used [0x00000000e6480000,0x00000000e8814f90,0x00000000e9400000)
  to   space 51712K, 0% used [0x00000000e3200000,0x00000000e3200000,0x00000000e6480000)
 ParOldGen       total 174592K, used 65186K [0x0000000080000000, 0x000000008aa80000, 0x00000000d5580000)
  object space 174592K, 37% used [0x0000000080000000,0x0000000083fa8a40,0x000000008aa80000)
 Metaspace       used 100457K, capacity 107506K, committed 107672K, reserved 1142784K
  class space    used 12864K, capacity 14403K, committed 14496K, reserved 1048576K
Event: 8994.239 GC heap after
Heap after GC invocations=49 (full 4):
 PSYoungGen      total 277504K, used 37046K [0x00000000d5580000, 0x00000000ec480000, 0x0000000100000000)
  eden space 225792K, 0% used [0x00000000d5580000,0x00000000d5580000,0x00000000e3200000)
  from space 51712K, 71% used [0x00000000e3200000,0x00000000e562dbf8,0x00000000e6480000)
  to   space 54272K, 0% used [0x00000000e8f80000,0x00000000e8f80000,0x00000000ec480000)
 ParOldGen       total 174592K, used 65498K [0x0000000080000000, 0x000000008aa80000, 0x00000000d5580000)
  object space 174592K, 37% used [0x0000000080000000,0x0000000083ff6a50,0x000000008aa80000)
 Metaspace       used 100457K, capacity 107506K, committed 107672K, reserved 1142784K
  class space    used 12864K, capacity 14403K, committed 14496K, reserved 1048576K
}
Event: 8995.947 GC heap before
{Heap before GC invocations=50 (full 4):
 PSYoungGen      total 277504K, used 262838K [0x00000000d5580000, 0x00000000ec480000, 0x0000000100000000)
  eden space 225792K, 100% used [0x00000000d5580000,0x00000000e3200000,0x00000000e3200000)
  from space 51712K, 71% used [0x00000000e3200000,0x00000000e562dbf8,0x00000000e6480000)
  to   space 54272K, 0% used [0x00000000e8f80000,0x00000000e8f80000,0x00000000ec480000)
 ParOldGen       total 174592K, used 65498K [0x0000000080000000, 0x000000008aa80000, 0x00000000d5580000)
  object space 174592K, 37% used [0x0000000080000000,0x0000000083ff6a50,0x000000008aa80000)
 Metaspace       used 100510K, capacity 107570K, committed 107672K, reserved 1142784K
  class space    used 12864K, capacity 14403K, committed 14496K, reserved 1048576K
Event: 8996.025 GC heap after
Heap after GC invocations=50 (full 4):
 PSYoungGen      total 318976K, used 38059K [0x00000000d5580000, 0x00000000ec880000, 0x0000000100000000)
  eden space 264704K, 0% used [0x00000000d5580000,0x00000000d5580000,0x00000000e5800000)
  from space 54272K, 70% used [0x00000000e8f80000,0x00000000eb4aac28,0x00000000ec480000)
  to   space 56832K, 0% used [0x00000000e5800000,0x00000000e5800000,0x00000000e8f80000)
 ParOldGen       total 174592K, used 66082K [0x0000000080000000, 0x000000008aa80000, 0x00000000d5580000)
  object space 174592K, 37% used [0x0000000080000000,0x0000000084088b10,0x000000008aa80000)
 Metaspace       used 100510K, capacity 107570K, committed 107672K, reserved 1142784K
  class space    used 12864K, capacity 14403K, committed 14496K, reserved 1048576K
}
Event: 8997.951 GC heap before
{Heap before GC invocations=51 (full 4):
 PSYoungGen      total 318976K, used 302763K [0x00000000d5580000, 0x00000000ec880000, 0x0000000100000000)
  eden space 264704K, 100% used [0x00000000d5580000,0x00000000e5800000,0x00000000e5800000)
  from space 54272K, 70% used [0x00000000e8f80000,0x00000000eb4aac28,0x00000000ec480000)
  to   space 56832K, 0% used [0x00000000e5800000,0x00000000e5800000,0x00000000e8f80000)
 ParOldGen       total 174592K, used 66082K [0x0000000080000000, 0x000000008aa80000, 0x00000000d5580000)
  object space 174592K, 37% used [0x0000000080000000,0x0000000084088b10,0x000000008aa80000)
 Metaspace       used 100532K, capacity 107570K, committed 107672K, reserved 1142784K
  class space    used 12864K, capacity 14403K, committed 14496K, reserved 1048576K
Event: 8998.045 GC heap after
Heap after GC invocations=51 (full 4):
 PSYoungGen      total 321536K, used 37766K [0x00000000d5580000, 0x00000000ec880000, 0x0000000100000000)
  eden space 264704K, 0% used [0x00000000d5580000,0x00000000d5580000,0x00000000e5800000)
  from space 56832K, 66% used [0x00000000e5800000,0x00000000e7ce1b58,0x00000000e8f80000)
  to   space 54272K, 0% used [0x00000000e8f80000,0x00000000e8f80000,0x00000000ec480000)
 ParOldGen       total 174592K, used 67966K [0x0000000080000000, 0x000000008aa80000, 0x00000000d5580000)
  object space 174592K, 38% used [0x0000000080000000,0x000000008425fa10,0x000000008aa80000)
 Metaspace       used 100532K, capacity 107570K, committed 107672K, reserved 1142784K
  class space    used 12864K, capacity 14403K, committed 14496K, reserved 1048576K
}

Deoptimization events (10 events):
Event: 8995.489 Thread 0x000000001ce0a800 Uncommon trap: reason=bimorphic action=maybe_recompile pc=0x00000000070e2150 method=com.android.dx.cf.code.BytecodeArray.parseInstruction(ILcom/android/dx/cf/code/BytecodeArray$Visitor;)I @ 1130
Event: 8995.489 Thread 0x000000001ce0a800 Uncommon trap: reason=bimorphic action=maybe_recompile pc=0x00000000070e2150 method=com.android.dx.cf.code.BytecodeArray.parseInstruction(ILcom/android/dx/cf/code/BytecodeArray$Visitor;)I @ 1130
Event: 8995.715 Thread 0x000000001ce07000 Uncommon trap: reason=bimorphic action=maybe_recompile pc=0x0000000006fe0634 method=com.android.dx.rop.code.RegisterSpec.getFrameType()Lcom/android/dx/rop/type/TypeBearer; @ 4
Event: 8996.062 Thread 0x000000001ce0a800 Uncommon trap: reason=bimorphic action=maybe_recompile pc=0x00000000070f38bc method=com.android.dx.cf.code.OneLocalsArray.set(ILcom/android/dx/rop/type/TypeBearer;)V @ 85
Event: 8996.267 Thread 0x000000001ce0a800 Uncommon trap: reason=bimorphic action=maybe_recompile pc=0x00000000070f38bc method=com.android.dx.cf.code.OneLocalsArray.set(ILcom/android/dx/rop/type/TypeBearer;)V @ 85
Event: 8996.747 Thread 0x000000001ce07000 Uncommon trap: reason=bimorphic action=maybe_recompile pc=0x00000000070f38bc method=com.android.dx.cf.code.OneLocalsArray.set(ILcom/android/dx/rop/type/TypeBearer;)V @ 85
Event: 8996.747 Thread 0x000000001ce07000 Uncommon trap: reason=bimorphic action=maybe_recompile pc=0x00000000070f38bc method=com.android.dx.cf.code.OneLocalsArray.set(ILcom/android/dx/rop/type/TypeBearer;)V @ 85
Event: 8996.982 Thread 0x000000001ce0a800 Uncommon trap: reason=unstable_if action=reinterpret pc=0x0000000006a76210 method=com.android.dx.ssa.SCCP.simulateBranch(Lcom/android/dx/ssa/SsaInsn;)V @ 548
Event: 8998.857 Thread 0x000000001ce0b800 Uncommon trap: reason=bimorphic action=maybe_recompile pc=0x0000000007141178 method=com.android.dx.cf.code.BytecodeArray.parseInstruction(ILcom/android/dx/cf/code/BytecodeArray$Visitor;)I @ 1747
Event: 8998.858 Thread 0x000000001ce0b800 Uncommon trap: reason=bimorphic action=maybe_recompile pc=0x0000000007141178 method=com.android.dx.cf.code.BytecodeArray.parseInstruction(ILcom/android/dx/cf/code/BytecodeArray$Visitor;)I @ 1747

Internal exceptions (10 events):
Event: 8998.160 Thread 0x000000001ce0a800 Exception <a 'sun/nio/fs/WindowsException'> (0x00000000d68295b8) thrown at [C:\re\workspace\8-2-build-windows-amd64-cygwin\jdk8u101\7261\hotspot\src\share\vm\prims\jni.cpp, line 709]
Event: 8998.218 Thread 0x000000001ce0b800 Exception <a 'sun/nio/fs/WindowsException'> (0x00000000d6f3bdb8) thrown at [C:\re\workspace\8-2-build-windows-amd64-cygwin\jdk8u101\7261\hotspot\src\share\vm\prims\jni.cpp, line 709]
Event: 8998.312 Thread 0x000000001ce07000 Exception <a 'sun/nio/fs/WindowsException'> (0x00000000d7d60a58) thrown at [C:\re\workspace\8-2-build-windows-amd64-cygwin\jdk8u101\7261\hotspot\src\share\vm\prims\jni.cpp, line 709]
Event: 8998.380 Thread 0x000000001ce0f000 Exception <a 'sun/nio/fs/WindowsException'> (0x00000000d86b2bf0) thrown at [C:\re\workspace\8-2-build-windows-amd64-cygwin\jdk8u101\7261\hotspot\src\share\vm\prims\jni.cpp, line 709]
Event: 8998.444 Thread 0x000000001ce0a800 Exception <a 'sun/nio/fs/WindowsException'> (0x00000000d8ef5ea0) thrown at [C:\re\workspace\8-2-build-windows-amd64-cygwin\jdk8u101\7261\hotspot\src\share\vm\prims\jni.cpp, line 709]
Event: 8998.535 Thread 0x000000001ce0b800 Exception <a 'sun/nio/fs/WindowsException'> (0x00000000da00b030) thrown at [C:\re\workspace\8-2-build-windows-amd64-cygwin\jdk8u101\7261\hotspot\src\share\vm\prims\jni.cpp, line 709]
Event: 8999.036 Thread 0x000000001ce07000 Exception <a 'sun/nio/fs/WindowsException'> (0x00000000e013e6b8) thrown at [C:\re\workspace\8-2-build-windows-amd64-cygwin\jdk8u101\7261\hotspot\src\share\vm\prims\jni.cpp, line 709]
Event: 8999.202 Thread 0x000000001ce0f000 Exception <a 'sun/nio/fs/WindowsException'> (0x00000000e1e91440) thrown at [C:\re\workspace\8-2-build-windows-amd64-cygwin\jdk8u101\7261\hotspot\src\share\vm\prims\jni.cpp, line 709]
Event: 8999.254 Thread 0x000000001ce0b800 Exception <a 'sun/nio/fs/WindowsException'> (0x00000000e246d7b0) thrown at [C:\re\workspace\8-2-build-windows-amd64-cygwin\jdk8u101\7261\hotspot\src\share\vm\prims\jni.cpp, line 709]
Event: 8999.282 Thread 0x000000001ce0a800 Exception <a 'sun/nio/fs/WindowsException'> (0x00000000e2b943b8) thrown at [C:\re\workspace\8-2-build-windows-amd64-cygwin\jdk8u101\7261\hotspot\src\share\vm\prims\jni.cpp, line 709]

Events (10 events):
Event: 8999.388 Thread 0x0000000017825000 flushing nmethod 0x0000000003cb4710
Event: 8999.388 Thread 0x0000000017825000 flushing nmethod 0x0000000003d25f90
Event: 8999.388 Thread 0x0000000017825000 flushing nmethod 0x0000000003db2390
Event: 8999.389 Thread 0x0000000017825000 flushing nmethod 0x0000000003ee9c50
Event: 8999.389 Thread 0x0000000017825000 flushing nmethod 0x0000000003f1a610
Event: 8999.389 Thread 0x0000000017825000 flushing nmethod 0x0000000003f1bd50
Event: 8999.411 Thread 0x000000001ce0f000 DEOPT PACKING pc=0x0000000006ccf3eb sp=0x000000003981eb90
Event: 8999.411 Thread 0x000000001ce0f000 DEOPT UNPACKING pc=0x0000000002c4787f sp=0x000000003981e8e0 mode 0
Event: 8999.414 Thread 0x000000001ce0f000 DEOPT PACKING pc=0x0000000006bec6c0 sp=0x000000003981e9c0
Event: 8999.414 Thread 0x000000001ce0f000 DEOPT UNPACKING pc=0x0000000002c4787f sp=0x000000003981e7f0 mode 0


Dynamic libraries:
0x00007ff7176f0000 - 0x00007ff717727000 	C:\Program Files\Java\jdk1.8.0_101\bin\java.exe
0x00007ffb33880000 - 0x00007ffb33a52000 	C:\WINDOWS\SYSTEM32\ntdll.dll
0x00007ffb32c20000 - 0x00007ffb32ccc000 	C:\WINDOWS\System32\KERNEL32.DLL
0x00007ffb2ffa0000 - 0x00007ffb301bd000 	C:\WINDOWS\System32\KERNELBASE.dll
0x00007ffb32e10000 - 0x00007ffb32eb2000 	C:\WINDOWS\System32\ADVAPI32.dll
0x00007ffb31240000 - 0x00007ffb312de000 	C:\WINDOWS\System32\msvcrt.dll
0x00007ffb312e0000 - 0x00007ffb31339000 	C:\WINDOWS\System32\sechost.dll
0x00007ffb31340000 - 0x00007ffb31461000 	C:\WINDOWS\System32\RPCRT4.dll
0x00007ffb33700000 - 0x00007ffb33865000 	C:\WINDOWS\System32\USER32.dll
0x00007ffb2fdd0000 - 0x00007ffb2fdee000 	C:\WINDOWS\System32\win32u.dll
0x00007ffb314d0000 - 0x00007ffb31504000 	C:\WINDOWS\System32\GDI32.dll
0x00007ffb30c90000 - 0x00007ffb30e10000 	C:\WINDOWS\System32\gdi32full.dll
0x00007ffb25a70000 - 0x00007ffb25cea000 	C:\WINDOWS\WinSxS\amd64_microsoft.windows.common-controls_6595b64144ccf1df_6.0.14393.953_none_42151e83c686086b\COMCTL32.dll
0x00007ffb33090000 - 0x00007ffb33358000 	C:\WINDOWS\System32\combase.dll
0x00007ffb2fdf0000 - 0x00007ffb2fee5000 	C:\WINDOWS\System32\ucrtbase.dll
0x00007ffb30bc0000 - 0x00007ffb30c2a000 	C:\WINDOWS\System32\bcryptPrimitives.dll
0x00007ffb32bf0000 - 0x00007ffb32c1e000 	C:\WINDOWS\System32\IMM32.DLL
0x00007ffb2fc00000 - 0x00007ffb2fc30000 	C:\WINDOWS\system32\DriverStore\FileRepository\nvhm.inf_amd64_7c553af4468727c1\nvinitx.dll
0x00007ffb2fbf0000 - 0x00007ffb2fbfa000 	C:\WINDOWS\SYSTEM32\VERSION.dll
0x00000000622c0000 - 0x0000000062392000 	C:\Program Files\Java\jdk1.8.0_101\jre\bin\msvcr100.dll
0x0000000061a20000 - 0x00000000622ba000 	C:\Program Files\Java\jdk1.8.0_101\jre\bin\server\jvm.dll
0x00007ffb31630000 - 0x00007ffb31638000 	C:\WINDOWS\System32\PSAPI.DLL
0x00007ffb24030000 - 0x00007ffb24039000 	C:\WINDOWS\SYSTEM32\WSOCK32.dll
0x00007ffb2e1e0000 - 0x00007ffb2e203000 	C:\WINDOWS\SYSTEM32\WINMM.dll
0x00007ffb32ec0000 - 0x00007ffb32f2a000 	C:\WINDOWS\System32\WS2_32.dll
0x0000000001190000 - 0x00000000011bb000 	C:\WINDOWS\SYSTEM32\WINMMBASE.dll
0x00007ffb2fd80000 - 0x00007ffb2fdc2000 	C:\WINDOWS\System32\cfgmgr32.dll
0x0000000061a10000 - 0x0000000061a1f000 	C:\Program Files\Java\jdk1.8.0_101\jre\bin\verify.dll
0x00000000619e0000 - 0x0000000061a09000 	C:\Program Files\Java\jdk1.8.0_101\jre\bin\java.dll
0x00000000619c0000 - 0x00000000619d6000 	C:\Program Files\Java\jdk1.8.0_101\jre\bin\zip.dll
0x00007ffb316e0000 - 0x00007ffb32be9000 	C:\WINDOWS\System32\SHELL32.dll
0x00007ffb30310000 - 0x00007ffb309e9000 	C:\WINDOWS\System32\windows.storage.dll
0x00007ffb2fd30000 - 0x00007ffb2fd7c000 	C:\WINDOWS\System32\powrprof.dll
0x00007ffb31470000 - 0x00007ffb314c2000 	C:\WINDOWS\System32\shlwapi.dll
0x00007ffb2fd00000 - 0x00007ffb2fd0f000 	C:\WINDOWS\System32\kernel.appcore.dll
0x00007ffb301c0000 - 0x00007ffb30269000 	C:\WINDOWS\System32\shcore.dll
0x00007ffb2fd10000 - 0x00007ffb2fd24000 	C:\WINDOWS\System32\profapi.dll
0x00000000619a0000 - 0x00000000619ba000 	C:\Program Files\Java\jdk1.8.0_101\jre\bin\net.dll
0x00007ffb2f5e0000 - 0x00007ffb2f63c000 	C:\WINDOWS\system32\mswsock.dll
0x0000000061980000 - 0x0000000061991000 	C:\Program Files\Java\jdk1.8.0_101\jre\bin\nio.dll
0x00007ffb1e420000 - 0x00007ffb1e43e000 	C:\Users\vivek\.gradle\native\25\windows-amd64\native-platform.dll
0x0000000061970000 - 0x000000006197d000 	C:\Program Files\Java\jdk1.8.0_101\jre\bin\management.dll
0x00007ffb2f780000 - 0x00007ffb2f797000 	C:\WINDOWS\SYSTEM32\CRYPTSP.dll
0x00007ffb2f180000 - 0x00007ffb2f1b3000 	C:\WINDOWS\system32\rsaenh.dll
0x00007ffb2fc30000 - 0x00007ffb2fc5b000 	C:\WINDOWS\SYSTEM32\bcrypt.dll
0x00007ffb2f460000 - 0x00007ffb2f47f000 	C:\WINDOWS\SYSTEM32\USERENV.dll
0x00007ffb2f7a0000 - 0x00007ffb2f7ab000 	C:\WINDOWS\SYSTEM32\CRYPTBASE.dll
0x00007ffb2f360000 - 0x00007ffb2f398000 	C:\WINDOWS\SYSTEM32\IPHLPAPI.DLL
0x00007ffb33500000 - 0x00007ffb33508000 	C:\WINDOWS\System32\NSI.dll
0x00007ffb2a450000 - 0x00007ffb2a466000 	C:\WINDOWS\SYSTEM32\dhcpcsvc6.DLL
0x00007ffb2a430000 - 0x00007ffb2a44a000 	C:\WINDOWS\SYSTEM32\dhcpcsvc.DLL
0x0000000061940000 - 0x0000000061964000 	C:\Program Files\Java\jdk1.8.0_101\jre\bin\sunec.dll
0x00007ffb2f3a0000 - 0x00007ffb2f441000 	C:\WINDOWS\SYSTEM32\DNSAPI.dll
0x00000000630c0000 - 0x00000000630e6000 	C:\Program Files\Bonjour\mdnsNSP.dll
0x00007ffb27bb0000 - 0x00007ffb27bba000 	C:\Windows\System32\rasadhlp.dll
0x00007ffb295d0000 - 0x00007ffb2963a000 	C:\WINDOWS\System32\fwpuclnt.dll
0x0000000061930000 - 0x000000006193b000 	C:\Program Files\Java\jdk1.8.0_101\jre\bin\sunmscapi.dll
0x00007ffb309f0000 - 0x00007ffb30bb9000 	C:\WINDOWS\System32\CRYPT32.dll
0x00007ffb2fcf0000 - 0x00007ffb2fd00000 	C:\WINDOWS\System32\MSASN1.dll
0x00007ffb25f00000 - 0x00007ffb25f16000 	C:\WINDOWS\system32\napinsp.dll
0x00007ffb22600000 - 0x00007ffb2261a000 	C:\WINDOWS\system32\pnrpnsp.dll
0x00007ffb2d6b0000 - 0x00007ffb2d6c8000 	C:\WINDOWS\system32\NLAapi.dll
0x00007ffb25f20000 - 0x00007ffb25f2e000 	C:\WINDOWS\System32\winrnr.dll
0x00007ffb25d20000 - 0x00007ffb25d35000 	C:\WINDOWS\System32\wshbth.dll
0x00007ffb2ea10000 - 0x00007ffb2ea42000 	C:\WINDOWS\SYSTEM32\ntmarta.dll

VM Arguments:
jvm_args: -Xmx2048m -Dfile.encoding=windows-1252 -Duser.country=GB -Duser.language=en -Duser.variant 
java_command: org.gradle.launcher.daemon.bootstrap.GradleDaemon 4.1
java_class_path (initial): C:\Users\vivek\.gradle\wrapper\dists\gradle-4.1-all\bzyivzo6n839fup2jbap0tjew\gradle-4.1\lib\gradle-launcher-4.1.jar
Launcher Type: SUN_STANDARD

Environment Variables:
JAVA_HOME=C:\Program Files\Java\jdk1.7.0_40\
PATH=C:\Program Files\Broadcom\Broadcom 802.11\Driver;;C:\Program Files (x86)\python35\Scripts\;C:\Program Files (x86)\python35\;C:\ProgramData\Oracle\Java\javapath;C:\WINDOWS\system32;C:\WINDOWS;C:\WINDOWS\System32\Wbem;C:\WINDOWS\System32\WindowsPowerShell\v1.0\;C:\Program Files\Java\jdk1.7.0_40\bin;C:\Program Files\TortoiseHg\;C:\Program Files (x86)\QuickTime\QTSystem\;C:\WINDOWS\system32;C:\WINDOWS;C:\WINDOWS\System32\Wbem;C:\WINDOWS\System32\WindowsPowerShell\v1.0\;C:\Users\vivek\AppData\Local\GitHub\PortableGit_25d850739bc178b2eb13c3e2a9faafea2f9143c0\bin;C:\Program Files (x86)\python27\Scripts;C:\Program Files (x86)\python27;C:\Program Files (x86)\python27\Lib\site-packages;C:\Program Files (x86)\Heroku\bin;C:\Program Files (x86)\git\cmd;C:\Program Files (x86)\Git\cmd;C:\Program Files\Java\jdk1.8.0_101\bin;C:\Users\vivek\Documents\GitHub\pythonWorkspace\bat;C:\Program Files\Intel\WiFi\bin\;C:\Program Files\Common Files\Intel\WirelessCommon\;C:\Program Files (x86)\Skype\Phone\;C:\Program Files\nodejs\;C:\Users\vivek\AppData\Local\GitHub\PortableGit_25d850739bc178b2eb13c3e2a9faafea2f9143c0\bin;C:\Users\vivek\AppData\Local\atom\bin;C:\Program Files (x86)\Google\google_appengine\;C:\Users\vivek\AppData\Local\Microsoft\WindowsApps;C:\Program Files (x86)\python27;C:\Program Files (x86)\python27\Lib\site-packages;C:\Program Files (x86)\python27\Scripts;C:\Program Files (x86)\Microsoft VS Code\bin;C:\Program Files\Intel\WiFi\bin\;C:\Program Files\Common Files\Intel\WirelessCommon\;C:\Users\vivek\AppData\Roaming\npm;C:\Program Files\MongoDB\Server\3.4\bin;C:\Users\vivek\AppData\Local\Google\Cloud SDK\google-cloud-sdk\bin
USERNAME=keviv
OS=Windows_NT
PROCESSOR_IDENTIFIER=Intel64 Family 6 Model 42 Stepping 7, GenuineIntel



---------------  S Y S T E M  ---------------

OS: Windows 10.0 , 64 bit Build 14393 (10.0.14393.1198)

CPU:total 4 (2 cores per cpu, 2 threads per core) family 6 model 42 stepping 7, cmov, cx8, fxsr, mmx, sse, sse2, sse3, ssse3, sse4.1, sse4.2, popcnt, avx, aes, clmul, ht, tsc, tscinvbit

Memory: 4k page, physical 6183932k(1348664k free), swap 7873532k(4772k free)

vm_info: Java HotSpot(TM) 64-Bit Server VM (25.101-b13) for windows-amd64 JRE (1.8.0_101-b13), built on Jun 22 2016 01:21:29 by "java_re" with MS VC++ 10.0 (VS2010)

time: Wed Jan 24 20:22:52 2018
elapsed time: 8999 seconds (0d 2h 29m 59s)

