#
# There is insufficient memory for the Java Runtime Environment to continue.
# Native memory allocation (malloc) failed to allocate 1098416 bytes for Chunk::new
# Possible reasons:
#   The system is out of physical RAM or swap space
#   In 32 bit mode, the process size limit was hit
# Possible solutions:
#   Reduce memory load on the system
#   Increase physical memory or swap space
#   Check if swap backing store is full
#   Use 64 bit Java on a 64 bit OS
#   Decrease Java heap size (-Xmx/-Xms)
#   Decrease number of Java threads
#   Decrease Java thread stack sizes (-Xss)
#   Set larger code cache with -XX:ReservedCodeCacheSize=
# This output file may be truncated or incomplete.
#
#  Out of Memory Error (allocation.cpp:390), pid=8324, tid=0x000000000000247c
#
# JRE version: Java(TM) SE Runtime Environment (8.0_101-b13) (build 1.8.0_101-b13)
# Java VM: Java HotSpot(TM) 64-Bit Server VM (25.101-b13 mixed mode windows-amd64 compressed oops)
# Failed to write core dump. Minidumps are not enabled by default on client versions of Windows
#

---------------  T H R E A D  ---------------

Current thread (0x0000000017be1800):  JavaThread "C2 CompilerThread1" daemon [_thread_in_native, id=9340, stack(0x0000000019330000,0x0000000019430000)]

Stack: [0x0000000019330000,0x0000000019430000]
[error occurred during error reporting (printing stack bounds), id 0xc0000005]

Native frames: (J=compiled Java code, j=interpreted, Vv=VM code, C=native code)


Current CompileTask:
C2: 219416 16794       4       com.android.dx.ssa.PhiTypeResolver::run (179 bytes)


---------------  P R O C E S S  ---------------

Java Threads: ( => current thread )
  0x0000000019f4d800 JavaThread "ForkJoinPool.commonPool-worker-3" daemon [_thread_in_Java, id=8500, stack(0x000000002a660000,0x000000002a760000)]
  0x0000000019f47800 JavaThread "ForkJoinPool.commonPool-worker-1" daemon [_thread_in_Java, id=8688, stack(0x000000002a560000,0x000000002a660000)]
  0x0000000019f48800 JavaThread "ForkJoinPool.commonPool-worker-0" daemon [_thread_in_Java, id=596, stack(0x000000002a460000,0x000000002a560000)]
  0x0000000019f4d000 JavaThread "ForkJoinPool.commonPool-worker-2" daemon [_thread_in_Java, id=9680, stack(0x000000002a160000,0x000000002a260000)]
  0x000000001aa90000 JavaThread "Cache worker for Java compile cache (C:\Users\vivek\Documents\GitHub\PracticeApps\Gettingstarted\.gradle\4.1\javaCompile)" [_thread_blocked, id=2932, stack(0x000000002a060000,0x000000002a160000)]
  0x000000001aa8f800 JavaThread "Task worker for ':' Thread 3" [_thread_blocked, id=3416, stack(0x0000000029260000,0x0000000029360000)]
  0x000000001aa91000 JavaThread "Task worker for ':' Thread 2" [_thread_blocked, id=9272, stack(0x0000000029160000,0x0000000029260000)]
  0x000000001aa8c800 JavaThread "Task worker for ':'" [_thread_blocked, id=9540, stack(0x0000000029060000,0x0000000029160000)]
  0x0000000021e91000 JavaThread "Cache worker for task history cache (C:\Users\vivek\Documents\GitHub\PracticeApps\Gettingstarted\.gradle\4.1\taskHistory)" [_thread_blocked, id=2056, stack(0x0000000028f60000,0x0000000029060000)]
  0x0000000021e97000 JavaThread "Cache worker for file content cache (C:\Users\vivek\Documents\GitHub\PracticeApps\Gettingstarted\.gradle\4.1\fileContent)" [_thread_blocked, id=9416, stack(0x0000000028e60000,0x0000000028f60000)]
  0x0000000021e96000 JavaThread "build operations Thread 4" [_thread_blocked, id=8036, stack(0x0000000028d60000,0x0000000028e60000)]
  0x0000000021e97800 JavaThread "build operations Thread 3" [_thread_blocked, id=8136, stack(0x0000000028c60000,0x0000000028d60000)]
  0x0000000021e95800 JavaThread "build operations Thread 2" [_thread_blocked, id=9408, stack(0x0000000028b60000,0x0000000028c60000)]
  0x0000000021e90000 JavaThread "build operations" [_thread_blocked, id=6720, stack(0x0000000028a60000,0x0000000028b60000)]
  0x0000000021e94000 JavaThread "Cache worker for Artifact transforms cache (C:\Users\vivek\.gradle\caches\transforms-1)" [_thread_blocked, id=9948, stack(0x0000000028960000,0x0000000028a60000)]
  0x0000000021e94800 JavaThread "Cache worker for file hash cache (C:\Users\vivek\Documents\GitHub\PracticeApps\Gettingstarted\.gradle\4.1\fileHashes)" [_thread_blocked, id=4904, stack(0x0000000028860000,0x0000000028960000)]
  0x0000000021e8e800 JavaThread "Stdin handler" [_thread_blocked, id=32, stack(0x0000000028760000,0x0000000028860000)]
  0x0000000021e93000 JavaThread "Asynchronous log dispatcher for DefaultDaemonConnection: socket connection from /127.0.0.1:56183 to /127.0.0.1:56197" [_thread_blocked, id=8820, stack(0x0000000028660000,0x0000000028760000)]
  0x0000000021e8b000 JavaThread "Daemon worker Thread 2" [_thread_blocked, id=6944, stack(0x0000000028560000,0x0000000028660000)]
  0x0000000021e8d000 JavaThread "Cancel handler" [_thread_blocked, id=7960, stack(0x0000000028460000,0x0000000028560000)]
  0x0000000021e8a000 JavaThread "Handler for socket connection from /127.0.0.1:56183 to /127.0.0.1:56197" [_thread_in_native, id=9624, stack(0x0000000028360000,0x0000000028460000)]
  0x0000000021e8b800 JavaThread "Daemon Thread 2" [_thread_blocked, id=9772, stack(0x0000000028260000,0x0000000028360000)]
  0x0000000021e8f800 JavaThread "Memory manager" [_thread_blocked, id=7364, stack(0x0000000023190000,0x0000000023290000)]
  0x000000001aa8b000 JavaThread "File lock request listener" [_thread_in_native, id=4820, stack(0x000000001d540000,0x000000001d640000)]
  0x000000001aa8b800 JavaThread "Cache worker for file hash cache (C:\Users\vivek\.gradle\caches\4.1\fileHashes)" [_thread_blocked, id=6588, stack(0x000000001d440000,0x000000001d540000)]
  0x000000001a8a5000 JavaThread "Daemon periodic checks" [_thread_blocked, id=9796, stack(0x000000001cb40000,0x000000001cc40000)]
  0x000000001a8a3800 JavaThread "Incoming local TCP Connector on port 56183" [_thread_in_native, id=3132, stack(0x000000001c910000,0x000000001ca10000)]
  0x000000001aaf8800 JavaThread "Daemon health stats" [_thread_blocked, id=8488, stack(0x000000001c2d0000,0x000000001c3d0000)]
  0x0000000017c3e000 JavaThread "Service Thread" daemon [_thread_blocked, id=6856, stack(0x0000000019930000,0x0000000019a30000)]
  0x0000000017be8800 JavaThread "C1 CompilerThread2" daemon [_thread_blocked, id=9932, stack(0x0000000019430000,0x0000000019530000)]
=>0x0000000017be1800 JavaThread "C2 CompilerThread1" daemon [_thread_in_native, id=9340, stack(0x0000000019330000,0x0000000019430000)]
  0x0000000017bdf000 JavaThread "C2 CompilerThread0" daemon [_thread_in_native, id=3900, stack(0x0000000019230000,0x0000000019330000)]
  0x0000000017bdb800 JavaThread "Attach Listener" daemon [_thread_blocked, id=8432, stack(0x0000000019130000,0x0000000019230000)]
  0x0000000017bda000 JavaThread "Signal Dispatcher" daemon [_thread_blocked, id=8468, stack(0x0000000019030000,0x0000000019130000)]
  0x0000000002f8e000 JavaThread "Finalizer" daemon [_thread_blocked, id=5364, stack(0x0000000018e40000,0x0000000018f40000)]
  0x0000000002f81800 JavaThread "Reference Handler" daemon [_thread_blocked, id=4100, stack(0x0000000018d40000,0x0000000018e40000)]
  0x0000000002e8e000 JavaThread "main" [_thread_blocked, id=788, stack(0x0000000002d70000,0x0000000002e70000)]

Other Threads:
  0x0000000017ba6800 VMThread [stack: 0x0000000018c40000,0x0000000018d40000] [id=8772]
  0x000000001957a000 WatcherThread [stack: 0x0000000019a30000,0x0000000019b30000] [id=9632]

VM state:not at safepoint (normal execution)

VM Mutex/Monitor currently owned by a thread: None

Heap:
 PSYoungGen      total 428032K, used 185160K [0x00000000d5580000, 0x00000000f5b80000, 0x0000000100000000)
  eden space 404992K, 44% used [0x00000000d5580000,0x00000000e04620d0,0x00000000ee100000)
  from space 23040K, 26% used [0x00000000ee100000,0x00000000ee6f00a0,0x00000000ef780000)
  to   space 20480K, 0% used [0x00000000f4780000,0x00000000f4780000,0x00000000f5b80000)
 ParOldGen       total 108544K, used 80993K [0x0000000080000000, 0x0000000086a00000, 0x00000000d5580000)
  object space 108544K, 74% used [0x0000000080000000,0x0000000084f186d8,0x0000000086a00000)
 Metaspace       used 73493K, capacity 76550K, committed 76696K, reserved 1116160K
  class space    used 9426K, capacity 10109K, committed 10160K, reserved 1048576K

Card table byte_map: [0x0000000012350000,0x0000000012760000] byte_map_base: 0x0000000011f50000

Marking Bits: (ParMarkBitMap*) 0x000000006223a6d0
 Begin Bits: [0x0000000012e10000, 0x0000000014e10000)
 End Bits:   [0x0000000014e10000, 0x0000000016e10000)

Polling page: 0x0000000000df0000

CodeCache: size=245760Kb used=50354Kb max_used=50354Kb free=195405Kb
 bounds [0x0000000002f90000, 0x0000000006110000, 0x0000000011f90000]
 total_blobs=14308 nmethods=13485 adapters=734
 compilation: enabled

Compilation events (10 events):
Event: 219.145 Thread 0x0000000017be8800 16904 %     3       com.android.dx.ssa.SsaMethod::deleteInsns @ 42 (239 bytes)
Event: 219.149 Thread 0x0000000017be8800 nmethod 16904% 0x00000000060eecd0 code [0x00000000060ef0e0, 0x00000000060f1ce8]
Event: 219.175 Thread 0x0000000017be8800 16905       3       com.android.dx.ssa.SsaMethod::deleteInsns (239 bytes)
Event: 219.179 Thread 0x0000000017be8800 nmethod 16905 0x00000000060f3590 code [0x00000000060f3980, 0x00000000060f6438]
Event: 219.233 Thread 0x0000000017be8800 16907 %     3       com.android.dx.cf.code.RopperMachine::jopToRopOpcode @ 949 (1106 bytes)
Event: 219.236 Thread 0x0000000017be8800 nmethod 16907% 0x00000000060f7c50 code [0x00000000060f7fc0, 0x00000000060fa828]
Event: 219.236 Thread 0x0000000017be8800 16908       3       com.android.dx.cf.code.RopperMachine::jopToRopOpcode (1106 bytes)
Event: 219.239 Thread 0x0000000017be8800 nmethod 16908 0x00000000060fb350 code [0x00000000060fb6a0, 0x00000000060fde68]
Event: 219.252 Thread 0x0000000017be8800 16909       2       com.android.apkzlib.zip.Eocd::<init> (202 bytes)
Event: 219.256 Thread 0x0000000017be8800 nmethod 16909 0x00000000060fe8d0 code [0x00000000060fec00, 0x00000000060ffca8]

GC Heap History (10 events):
Event: 209.479 GC heap before
{Heap before GC invocations=26 (full 3):
 PSYoungGen      total 423424K, used 411616K [0x00000000d5580000, 0x00000000f0e00000, 0x0000000100000000)
  eden space 404992K, 100% used [0x00000000d5580000,0x00000000ee100000,0x00000000ee100000)
  from space 18432K, 35% used [0x00000000efc00000,0x00000000f0278090,0x00000000f0e00000)
  to   space 23040K, 0% used [0x00000000ee100000,0x00000000ee100000,0x00000000ef780000)
 ParOldGen       total 108544K, used 61673K [0x0000000080000000, 0x0000000086a00000, 0x00000000d5580000)
  object space 108544K, 56% used [0x0000000080000000,0x0000000083c3a6b8,0x0000000086a00000)
 Metaspace       used 73429K, capacity 76486K, committed 76696K, reserved 1116160K
  class space    used 9425K, capacity 10109K, committed 10160K, reserved 1048576K
Event: 209.515 GC heap after
Heap after GC invocations=26 (full 3):
 PSYoungGen      total 428032K, used 8816K [0x00000000d5580000, 0x00000000f0e00000, 0x0000000100000000)
  eden space 404992K, 0% used [0x00000000d5580000,0x00000000d5580000,0x00000000ee100000)
  from space 23040K, 38% used [0x00000000ee100000,0x00000000ee99c0c0,0x00000000ef780000)
  to   space 18432K, 0% used [0x00000000efc00000,0x00000000efc00000,0x00000000f0e00000)
 ParOldGen       total 108544K, used 64929K [0x0000000080000000, 0x0000000086a00000, 0x00000000d5580000)
  object space 108544K, 59% used [0x0000000080000000,0x0000000083f686b8,0x0000000086a00000)
 Metaspace       used 73429K, capacity 76486K, committed 76696K, reserved 1116160K
  class space    used 9425K, capacity 10109K, committed 10160K, reserved 1048576K
}
Event: 211.969 GC heap before
{Heap before GC invocations=27 (full 3):
 PSYoungGen      total 428032K, used 413808K [0x00000000d5580000, 0x00000000f0e00000, 0x0000000100000000)
  eden space 404992K, 100% used [0x00000000d5580000,0x00000000ee100000,0x00000000ee100000)
  from space 23040K, 38% used [0x00000000ee100000,0x00000000ee99c0c0,0x00000000ef780000)
  to   space 18432K, 0% used [0x00000000efc00000,0x00000000efc00000,0x00000000f0e00000)
 ParOldGen       total 108544K, used 64929K [0x0000000080000000, 0x0000000086a00000, 0x00000000d5580000)
  object space 108544K, 59% used [0x0000000080000000,0x0000000083f686b8,0x0000000086a00000)
 Metaspace       used 73447K, capacity 76486K, committed 76696K, reserved 1116160K
  class space    used 9425K, capacity 10109K, committed 10160K, reserved 1048576K
Event: 212.002 GC heap after
Heap after GC invocations=27 (full 3):
 PSYoungGen      total 423424K, used 9888K [0x00000000d5580000, 0x00000000f0e00000, 0x0000000100000000)
  eden space 404992K, 0% used [0x00000000d5580000,0x00000000d5580000,0x00000000ee100000)
  from space 18432K, 53% used [0x00000000efc00000,0x00000000f05a80c0,0x00000000f0e00000)
  to   space 23040K, 0% used [0x00000000ee100000,0x00000000ee100000,0x00000000ef780000)
 ParOldGen       total 108544K, used 69241K [0x0000000080000000, 0x0000000086a00000, 0x00000000d5580000)
  object space 108544K, 63% used [0x0000000080000000,0x000000008439e6b8,0x0000000086a00000)
 Metaspace       used 73447K, capacity 76486K, committed 76696K, reserved 1116160K
  class space    used 9425K, capacity 10109K, committed 10160K, reserved 1048576K
}
Event: 214.052 GC heap before
{Heap before GC invocations=28 (full 3):
 PSYoungGen      total 423424K, used 414880K [0x00000000d5580000, 0x00000000f0e00000, 0x0000000100000000)
  eden space 404992K, 100% used [0x00000000d5580000,0x00000000ee100000,0x00000000ee100000)
  from space 18432K, 53% used [0x00000000efc00000,0x00000000f05a80c0,0x00000000f0e00000)
  to   space 23040K, 0% used [0x00000000ee100000,0x00000000ee100000,0x00000000ef780000)
 ParOldGen       total 108544K, used 69241K [0x0000000080000000, 0x0000000086a00000, 0x00000000d5580000)
  object space 108544K, 63% used [0x0000000080000000,0x000000008439e6b8,0x0000000086a00000)
 Metaspace       used 73454K, capacity 76486K, committed 76696K, reserved 1116160K
  class space    used 9425K, capacity 10109K, committed 10160K, reserved 1048576K
Event: 214.089 GC heap after
Heap after GC invocations=28 (full 3):
 PSYoungGen      total 428032K, used 13365K [0x00000000d5580000, 0x00000000f0e00000, 0x0000000100000000)
  eden space 404992K, 0% used [0x00000000d5580000,0x00000000d5580000,0x00000000ee100000)
  from space 23040K, 58% used [0x00000000ee100000,0x00000000eee0d400,0x00000000ef780000)
  to   space 18432K, 0% used [0x00000000efc00000,0x00000000efc00000,0x00000000f0e00000)
 ParOldGen       total 108544K, used 74665K [0x0000000080000000, 0x0000000086a00000, 0x00000000d5580000)
  object space 108544K, 68% used [0x0000000080000000,0x00000000848ea6d8,0x0000000086a00000)
 Metaspace       used 73454K, capacity 76486K, committed 76696K, reserved 1116160K
  class space    used 9425K, capacity 10109K, committed 10160K, reserved 1048576K
}
Event: 216.214 GC heap before
{Heap before GC invocations=29 (full 3):
 PSYoungGen      total 428032K, used 418357K [0x00000000d5580000, 0x00000000f0e00000, 0x0000000100000000)
  eden space 404992K, 100% used [0x00000000d5580000,0x00000000ee100000,0x00000000ee100000)
  from space 23040K, 58% used [0x00000000ee100000,0x00000000eee0d400,0x00000000ef780000)
  to   space 18432K, 0% used [0x00000000efc00000,0x00000000efc00000,0x00000000f0e00000)
 ParOldGen       total 108544K, used 74665K [0x0000000080000000, 0x0000000086a00000, 0x00000000d5580000)
  object space 108544K, 68% used [0x0000000080000000,0x00000000848ea6d8,0x0000000086a00000)
 Metaspace       used 73458K, capacity 76550K, committed 76696K, reserved 1116160K
  class space    used 9425K, capacity 10109K, committed 10160K, reserved 1048576K
Event: 216.242 GC heap after
Heap after GC invocations=29 (full 3):
 PSYoungGen      total 423424K, used 6092K [0x00000000d5580000, 0x00000000f0e00000, 0x0000000100000000)
  eden space 404992K, 0% used [0x00000000d5580000,0x00000000d5580000,0x00000000ee100000)
  from space 18432K, 33% used [0x00000000efc00000,0x00000000f01f30a0,0x00000000f0e00000)
  to   space 23040K, 0% used [0x00000000ee100000,0x00000000ee100000,0x00000000ef780000)
 ParOldGen       total 108544K, used 77849K [0x0000000080000000, 0x0000000086a00000, 0x00000000d5580000)
  object space 108544K, 71% used [0x0000000080000000,0x0000000084c066d8,0x0000000086a00000)
 Metaspace       used 73458K, capacity 76550K, committed 76696K, reserved 1116160K
  class space    used 9425K, capacity 10109K, committed 10160K, reserved 1048576K
}
Event: 218.380 GC heap before
{Heap before GC invocations=30 (full 3):
 PSYoungGen      total 423424K, used 411084K [0x00000000d5580000, 0x00000000f0e00000, 0x0000000100000000)
  eden space 404992K, 100% used [0x00000000d5580000,0x00000000ee100000,0x00000000ee100000)
  from space 18432K, 33% used [0x00000000efc00000,0x00000000f01f30a0,0x00000000f0e00000)
  to   space 23040K, 0% used [0x00000000ee100000,0x00000000ee100000,0x00000000ef780000)
 ParOldGen       total 108544K, used 77849K [0x0000000080000000, 0x0000000086a00000, 0x00000000d5580000)
  object space 108544K, 71% used [0x0000000080000000,0x0000000084c066d8,0x0000000086a00000)
 Metaspace       used 73485K, capacity 76550K, committed 76696K, reserved 1116160K
  class space    used 9426K, capacity 10109K, committed 10160K, reserved 1048576K
Event: 218.420 GC heap after
Heap after GC invocations=30 (full 3):
 PSYoungGen      total 428032K, used 6080K [0x00000000d5580000, 0x00000000f5b80000, 0x0000000100000000)
  eden space 404992K, 0% used [0x00000000d5580000,0x00000000d5580000,0x00000000ee100000)
  from space 23040K, 26% used [0x00000000ee100000,0x00000000ee6f00a0,0x00000000ef780000)
  to   space 20480K, 0% used [0x00000000f4780000,0x00000000f4780000,0x00000000f5b80000)
 ParOldGen       total 108544K, used 80993K [0x0000000080000000, 0x0000000086a00000, 0x00000000d5580000)
  object space 108544K, 74% used [0x0000000080000000,0x0000000084f186d8,0x0000000086a00000)
 Metaspace       used 73485K, capacity 76550K, committed 76696K, reserved 1116160K
  class space    used 9426K, capacity 10109K, committed 10160K, reserved 1048576K
}

Deoptimization events (10 events):
Event: 217.226 Thread 0x0000000019f47800 Uncommon trap: reason=class_check action=maybe_recompile pc=0x00000000060243e4 method=com.android.dx.cf.code.BytecodeArray.parseInstruction(ILcom/android/dx/cf/code/BytecodeArray$Visitor;)I @ 1642
Event: 217.635 Thread 0x0000000019f4d800 Uncommon trap: reason=unstable_if action=reinterpret pc=0x00000000037fabdc method=com.android.dx.util.ByteArrayAnnotatedOutput.ensureCapacity(I)V @ 6
Event: 217.644 Thread 0x0000000019f4d800 Uncommon trap: reason=unstable_if action=reinterpret pc=0x00000000045de0d0 method=sun.nio.ch.Util$BufferCache.get(I)Ljava/nio/ByteBuffer; @ 26
Event: 218.169 Thread 0x0000000019f4d000 Uncommon trap: reason=bimorphic action=maybe_recompile pc=0x0000000006072478 method=com.android.dx.cf.code.BytecodeArray.parseInstruction(ILcom/android/dx/cf/code/BytecodeArray$Visitor;)I @ 987
Event: 218.169 Thread 0x0000000019f4d000 Uncommon trap: reason=bimorphic action=maybe_recompile pc=0x0000000006072478 method=com.android.dx.cf.code.BytecodeArray.parseInstruction(ILcom/android/dx/cf/code/BytecodeArray$Visitor;)I @ 987
Event: 218.177 Thread 0x0000000019f4d000 Uncommon trap: reason=unstable_if action=reinterpret pc=0x0000000005a37c14 method=com.android.dx.rop.cst.CstBaseMethodRef.isSignaturePolymorphic()Z @ 10
Event: 219.002 Thread 0x0000000019f4d800 Uncommon trap: reason=unstable_if action=reinterpret pc=0x00000000060a69bc method=com.android.dx.dex.code.LocalList$MakeState.snapshot(ILcom/android/dx/rop/code/RegisterSpecSet;)V @ 86
Event: 219.113 Thread 0x0000000019f4d000 Uncommon trap: reason=unstable_if action=reinterpret pc=0x0000000005d9e918 method=com.android.dx.ssa.SsaMethod.makeExitBlock()V @ 103
Event: 219.113 Thread 0x0000000019f4d000 Uncommon trap: reason=unstable_if action=reinterpret pc=0x00000000059f5bdc method=com.android.dx.ssa.SsaMethod.getExitBlock()Lcom/android/dx/ssa/SsaBasicBlock; @ 4
Event: 219.114 Thread 0x0000000019f4d000 Uncommon trap: reason=unstable_if action=reinterpret pc=0x000000000584bd74 method=com.android.dx.ssa.SsaMethod.getExitBlock()Lcom/android/dx/ssa/SsaBasicBlock; @ 4

Internal exceptions (10 events):
Event: 218.583 Thread 0x0000000019f48800 Exception <a 'sun/nio/fs/WindowsException'> (0x00000000d6adb558) thrown at [C:\re\workspace\8-2-build-windows-amd64-cygwin\jdk8u101\7261\hotspot\src\share\vm\prims\jni.cpp, line 709]
Event: 218.608 Thread 0x0000000019f47800 Exception <a 'sun/nio/fs/WindowsException'> (0x00000000d766c2b0) thrown at [C:\re\workspace\8-2-build-windows-amd64-cygwin\jdk8u101\7261\hotspot\src\share\vm\prims\jni.cpp, line 709]
Event: 218.667 Thread 0x0000000019f4d800 Exception <a 'sun/nio/fs/WindowsException'> (0x00000000d7955950) thrown at [C:\re\workspace\8-2-build-windows-amd64-cygwin\jdk8u101\7261\hotspot\src\share\vm\prims\jni.cpp, line 709]
Event: 218.678 Thread 0x0000000019f4d000 Exception <a 'sun/nio/fs/WindowsException'> (0x00000000d81ad948) thrown at [C:\re\workspace\8-2-build-windows-amd64-cygwin\jdk8u101\7261\hotspot\src\share\vm\prims\jni.cpp, line 709]
Event: 218.789 Thread 0x0000000019f47800 Exception <a 'sun/nio/fs/WindowsException'> (0x00000000d7780ec0) thrown at [C:\re\workspace\8-2-build-windows-amd64-cygwin\jdk8u101\7261\hotspot\src\share\vm\prims\jni.cpp, line 709]
Event: 218.843 Thread 0x0000000019f4d800 Exception <a 'sun/nio/fs/WindowsException'> (0x00000000d94361d0) thrown at [C:\re\workspace\8-2-build-windows-amd64-cygwin\jdk8u101\7261\hotspot\src\share\vm\prims\jni.cpp, line 709]
Event: 218.887 Thread 0x0000000019f48800 Exception <a 'sun/nio/fs/WindowsException'> (0x00000000d9fafcf0) thrown at [C:\re\workspace\8-2-build-windows-amd64-cygwin\jdk8u101\7261\hotspot\src\share\vm\prims\jni.cpp, line 709]
Event: 218.938 Thread 0x0000000019f4d000 Exception <a 'sun/nio/fs/WindowsException'> (0x00000000db1098e0) thrown at [C:\re\workspace\8-2-build-windows-amd64-cygwin\jdk8u101\7261\hotspot\src\share\vm\prims\jni.cpp, line 709]
Event: 219.264 Thread 0x0000000019f4d000 Exception <a 'sun/nio/fs/WindowsException'> (0x00000000df74dbd0) thrown at [C:\re\workspace\8-2-build-windows-amd64-cygwin\jdk8u101\7261\hotspot\src\share\vm\prims\jni.cpp, line 709]
Event: 219.317 Thread 0x0000000019f48800 Exception <a 'sun/nio/fs/WindowsException'> (0x00000000dffa3eb8) thrown at [C:\re\workspace\8-2-build-windows-amd64-cygwin\jdk8u101\7261\hotspot\src\share\vm\prims\jni.cpp, line 709]

Events (10 events):
Event: 219.225 Thread 0x0000000019f47800 DEOPT PACKING pc=0x00000000060e254b sp=0x000000002a65e5d0
Event: 219.225 Thread 0x0000000019f47800 DEOPT UNPACKING pc=0x0000000002fd787f sp=0x000000002a65e390 mode 0
Event: 219.239 Thread 0x0000000019f47800 DEOPT PACKING pc=0x00000000060998dd sp=0x000000002a65e020
Event: 219.239 Thread 0x0000000019f47800 DEOPT UNPACKING pc=0x0000000002fd787f sp=0x000000002a65dda0 mode 0
Event: 219.289 Thread 0x0000000019f4d800 DEOPT PACKING pc=0x0000000005ac57f9 sp=0x000000002a75ec70
Event: 219.289 Thread 0x0000000019f4d800 DEOPT UNPACKING pc=0x0000000002fd787f sp=0x000000002a75e9e8 mode 0
Event: 219.300 Thread 0x0000000019f4d800 DEOPT PACKING pc=0x0000000005ac57f9 sp=0x000000002a75ec70
Event: 219.300 Thread 0x0000000019f4d800 DEOPT UNPACKING pc=0x0000000002fd787f sp=0x000000002a75e9e8 mode 0
Event: 219.305 Thread 0x0000000019f47800 DEOPT PACKING pc=0x00000000057e3275 sp=0x000000002a65e5d0
Event: 219.305 Thread 0x0000000019f47800 DEOPT UNPACKING pc=0x0000000002fd787f sp=0x000000002a65e370 mode 0


Dynamic libraries:
0x00007ff7176f0000 - 0x00007ff717727000 	C:\Program Files\Java\jdk1.8.0_101\bin\java.exe
0x00007ffb33880000 - 0x00007ffb33a52000 	C:\WINDOWS\SYSTEM32\ntdll.dll
0x00007ffb32c20000 - 0x00007ffb32ccc000 	C:\WINDOWS\System32\KERNEL32.DLL
0x00007ffb2ffa0000 - 0x00007ffb301bd000 	C:\WINDOWS\System32\KERNELBASE.dll
0x00007ffb32e10000 - 0x00007ffb32eb2000 	C:\WINDOWS\System32\ADVAPI32.dll
0x00007ffb31240000 - 0x00007ffb312de000 	C:\WINDOWS\System32\msvcrt.dll
0x00007ffb312e0000 - 0x00007ffb31339000 	C:\WINDOWS\System32\sechost.dll
0x00007ffb31340000 - 0x00007ffb31461000 	C:\WINDOWS\System32\RPCRT4.dll
0x00007ffb33700000 - 0x00007ffb33865000 	C:\WINDOWS\System32\USER32.dll
0x00007ffb2fdd0000 - 0x00007ffb2fdee000 	C:\WINDOWS\System32\win32u.dll
0x00007ffb314d0000 - 0x00007ffb31504000 	C:\WINDOWS\System32\GDI32.dll
0x00007ffb30c90000 - 0x00007ffb30e10000 	C:\WINDOWS\System32\gdi32full.dll
0x00007ffb25a70000 - 0x00007ffb25cea000 	C:\WINDOWS\WinSxS\amd64_microsoft.windows.common-controls_6595b64144ccf1df_6.0.14393.953_none_42151e83c686086b\COMCTL32.dll
0x00007ffb33090000 - 0x00007ffb33358000 	C:\WINDOWS\System32\combase.dll
0x00007ffb2fdf0000 - 0x00007ffb2fee5000 	C:\WINDOWS\System32\ucrtbase.dll
0x00007ffb30bc0000 - 0x00007ffb30c2a000 	C:\WINDOWS\System32\bcryptPrimitives.dll
0x00007ffb32bf0000 - 0x00007ffb32c1e000 	C:\WINDOWS\System32\IMM32.DLL
0x00007ffb2fc00000 - 0x00007ffb2fc30000 	C:\WINDOWS\system32\DriverStore\FileRepository\nvhm.inf_amd64_7c553af4468727c1\nvinitx.dll
0x00007ffb2fbf0000 - 0x00007ffb2fbfa000 	C:\WINDOWS\SYSTEM32\VERSION.dll
0x00000000622c0000 - 0x0000000062392000 	C:\Program Files\Java\jdk1.8.0_101\jre\bin\msvcr100.dll
0x0000000061a20000 - 0x00000000622ba000 	C:\Program Files\Java\jdk1.8.0_101\jre\bin\server\jvm.dll
0x00007ffb31630000 - 0x00007ffb31638000 	C:\WINDOWS\System32\PSAPI.DLL
0x00007ffb24030000 - 0x00007ffb24039000 	C:\WINDOWS\SYSTEM32\WSOCK32.dll
0x00007ffb2e1e0000 - 0x00007ffb2e203000 	C:\WINDOWS\SYSTEM32\WINMM.dll
0x00007ffb32ec0000 - 0x00007ffb32f2a000 	C:\WINDOWS\System32\WS2_32.dll
0x00007ffb2e0a0000 - 0x00007ffb2e0cb000 	C:\WINDOWS\SYSTEM32\WINMMBASE.dll
0x00007ffb2fd80000 - 0x00007ffb2fdc2000 	C:\WINDOWS\System32\cfgmgr32.dll
0x0000000061a10000 - 0x0000000061a1f000 	C:\Program Files\Java\jdk1.8.0_101\jre\bin\verify.dll
0x00000000619e0000 - 0x0000000061a09000 	C:\Program Files\Java\jdk1.8.0_101\jre\bin\java.dll
0x00000000619c0000 - 0x00000000619d6000 	C:\Program Files\Java\jdk1.8.0_101\jre\bin\zip.dll
0x00007ffb316e0000 - 0x00007ffb32be9000 	C:\WINDOWS\System32\SHELL32.dll
0x00007ffb30310000 - 0x00007ffb309e9000 	C:\WINDOWS\System32\windows.storage.dll
0x00007ffb2fd30000 - 0x00007ffb2fd7c000 	C:\WINDOWS\System32\powrprof.dll
0x00007ffb31470000 - 0x00007ffb314c2000 	C:\WINDOWS\System32\shlwapi.dll
0x00007ffb2fd00000 - 0x00007ffb2fd0f000 	C:\WINDOWS\System32\kernel.appcore.dll
0x00007ffb301c0000 - 0x00007ffb30269000 	C:\WINDOWS\System32\shcore.dll
0x00007ffb2fd10000 - 0x00007ffb2fd24000 	C:\WINDOWS\System32\profapi.dll
0x00000000619a0000 - 0x00000000619ba000 	C:\Program Files\Java\jdk1.8.0_101\jre\bin\net.dll
0x00007ffb2f5e0000 - 0x00007ffb2f63c000 	C:\WINDOWS\system32\mswsock.dll
0x0000000061980000 - 0x0000000061991000 	C:\Program Files\Java\jdk1.8.0_101\jre\bin\nio.dll
0x00007ffb1e420000 - 0x00007ffb1e43e000 	C:\Users\vivek\.gradle\native\25\windows-amd64\native-platform.dll
0x0000000061970000 - 0x000000006197d000 	C:\Program Files\Java\jdk1.8.0_101\jre\bin\management.dll
0x00007ffb2f780000 - 0x00007ffb2f797000 	C:\WINDOWS\SYSTEM32\CRYPTSP.dll
0x00007ffb2f180000 - 0x00007ffb2f1b3000 	C:\WINDOWS\system32\rsaenh.dll
0x00007ffb2fc30000 - 0x00007ffb2fc5b000 	C:\WINDOWS\SYSTEM32\bcrypt.dll
0x00007ffb2f460000 - 0x00007ffb2f47f000 	C:\WINDOWS\SYSTEM32\USERENV.dll
0x00007ffb2f7a0000 - 0x00007ffb2f7ab000 	C:\WINDOWS\SYSTEM32\CRYPTBASE.dll
0x00007ffb2f360000 - 0x00007ffb2f398000 	C:\WINDOWS\SYSTEM32\IPHLPAPI.DLL
0x00007ffb33500000 - 0x00007ffb33508000 	C:\WINDOWS\System32\NSI.dll
0x00007ffb2a450000 - 0x00007ffb2a466000 	C:\WINDOWS\SYSTEM32\dhcpcsvc6.DLL
0x00007ffb2a430000 - 0x00007ffb2a44a000 	C:\WINDOWS\SYSTEM32\dhcpcsvc.DLL
0x00007ffb2ea10000 - 0x00007ffb2ea42000 	C:\WINDOWS\SYSTEM32\ntmarta.dll

VM Arguments:
jvm_args: -Xmx2048m -Dfile.encoding=windows-1252 -Duser.country=GB -Duser.language=en -Duser.variant 
java_command: org.gradle.launcher.daemon.bootstrap.GradleDaemon 4.1
java_class_path (initial): C:\Users\vivek\.gradle\wrapper\dists\gradle-4.1-all\bzyivzo6n839fup2jbap0tjew\gradle-4.1\lib\gradle-launcher-4.1.jar
Launcher Type: SUN_STANDARD

Environment Variables:
JAVA_HOME=C:\Program Files\Java\jdk1.7.0_40\
PATH=C:\Program Files\Broadcom\Broadcom 802.11\Driver;;C:\Program Files (x86)\python35\Scripts\;C:\Program Files (x86)\python35\;C:\ProgramData\Oracle\Java\javapath;C:\WINDOWS\system32;C:\WINDOWS;C:\WINDOWS\System32\Wbem;C:\WINDOWS\System32\WindowsPowerShell\v1.0\;C:\Program Files\Java\jdk1.7.0_40\bin;C:\Program Files\TortoiseHg\;C:\Program Files (x86)\QuickTime\QTSystem\;C:\WINDOWS\system32;C:\WINDOWS;C:\WINDOWS\System32\Wbem;C:\WINDOWS\System32\WindowsPowerShell\v1.0\;C:\Users\vivek\AppData\Local\GitHub\PortableGit_25d850739bc178b2eb13c3e2a9faafea2f9143c0\bin;C:\Program Files (x86)\python27\Scripts;C:\Program Files (x86)\python27;C:\Program Files (x86)\python27\Lib\site-packages;C:\Program Files (x86)\Heroku\bin;C:\Program Files (x86)\git\cmd;C:\Program Files (x86)\Git\cmd;C:\Program Files\Java\jdk1.8.0_101\bin;C:\Users\vivek\Documents\GitHub\pythonWorkspace\bat;C:\Program Files\Intel\WiFi\bin\;C:\Program Files\Common Files\Intel\WirelessCommon\;C:\Program Files (x86)\Skype\Phone\;C:\Program Files\nodejs\;C:\Users\vivek\AppData\Local\GitHub\PortableGit_25d850739bc178b2eb13c3e2a9faafea2f9143c0\bin;C:\Users\vivek\AppData\Local\atom\bin;C:\Program Files (x86)\Google\google_appengine\;C:\Users\vivek\AppData\Local\Microsoft\WindowsApps;C:\Program Files (x86)\python27;C:\Program Files (x86)\python27\Lib\site-packages;C:\Program Files (x86)\python27\Scripts;C:\Program Files (x86)\Microsoft VS Code\bin;C:\Program Files\Intel\WiFi\bin\;C:\Program Files\Common Files\Intel\WirelessCommon\;C:\Users\vivek\AppData\Roaming\npm;C:\Program Files\MongoDB\Server\3.4\bin;C:\Users\vivek\AppData\Local\Google\Cloud SDK\google-cloud-sdk\bin
USERNAME=keviv
OS=Windows_NT
PROCESSOR_IDENTIFIER=Intel64 Family 6 Model 42 Stepping 7, GenuineIntel



---------------  S Y S T E M  ---------------

OS: Windows 10.0 , 64 bit Build 14393 (10.0.14393.1198)

CPU:total 4 (2 cores per cpu, 2 threads per core) family 6 model 42 stepping 7, cmov, cx8, fxsr, mmx, sse, sse2, sse3, ssse3, sse4.1, sse4.2, popcnt, avx, aes, clmul, ht, tsc, tscinvbit

Memory: 4k page, physical 6183932k(1320616k free), swap 7873532k(6768k free)

vm_info: Java HotSpot(TM) 64-Bit Server VM (25.101-b13) for windows-amd64 JRE (1.8.0_101-b13), built on Jun 22 2016 01:21:29 by "java_re" with MS VC++ 10.0 (VS2010)

time: Wed Jan 24 20:26:53 2018
elapsed time: 219 seconds (0d 0h 3m 39s)

