#
# There is insufficient memory for the Java Runtime Environment to continue.
# Native memory allocation (malloc) failed to allocate 655376 bytes for Chunk::new
# Possible reasons:
#   The system is out of physical RAM or swap space
#   In 32 bit mode, the process size limit was hit
# Possible solutions:
#   Reduce memory load on the system
#   Increase physical memory or swap space
#   Check if swap backing store is full
#   Use 64 bit Java on a 64 bit OS
#   Decrease Java heap size (-Xmx/-Xms)
#   Decrease number of Java threads
#   Decrease Java thread stack sizes (-Xss)
#   Set larger code cache with -XX:ReservedCodeCacheSize=
# This output file may be truncated or incomplete.
#
#  Out of Memory Error (allocation.cpp:390), pid=2100, tid=0x00000000000000f4
#
# JRE version: Java(TM) SE Runtime Environment (8.0_101-b13) (build 1.8.0_101-b13)
# Java VM: Java HotSpot(TM) 64-Bit Server VM (25.101-b13 mixed mode windows-amd64 compressed oops)
# Failed to write core dump. Minidumps are not enabled by default on client versions of Windows
#

---------------  T H R E A D  ---------------

Current thread (0x0000000016fc2000):  JavaThread "C2 CompilerThread1" daemon [_thread_in_native, id=244, stack(0x0000000018720000,0x0000000018820000)]

Stack: [0x0000000018720000,0x0000000018820000]
[error occurred during error reporting (printing stack bounds), id 0xc0000005]

Native frames: (J=compiled Java code, j=interpreted, Vv=VM code, C=native code)


Current CompileTask:
C2:  26559 4545       4       sun.reflect.generics.parser.SignatureParser::parseFieldTypeSignature (73 bytes)


---------------  P R O C E S S  ---------------

Java Threads: ( => current thread )
  0x000000001a788800 JavaThread "File lock request listener" [_thread_in_native, id=1496, stack(0x000000001cc30000,0x000000001cd30000)]
  0x0000000019dbc800 JavaThread "Stdin handler" [_thread_blocked, id=3196, stack(0x000000001b560000,0x000000001b660000)]
  0x0000000019a25800 JavaThread "Asynchronous log dispatcher for org.gradle.launcher.daemon.server.DefaultDaemonConnection@4b625b40" [_thread_blocked, id=3492, stack(0x000000001b460000,0x000000001b560000)]
  0x0000000019a23000 JavaThread "Daemon worker" [_thread_in_vm, id=11808, stack(0x000000001b360000,0x000000001b460000)]
  0x0000000019dc0800 JavaThread "Cancel handler" [_thread_blocked, id=8264, stack(0x000000001b260000,0x000000001b360000)]
  0x0000000019a19800 JavaThread "Handler for socket connection from /127.0.0.1:57348 to /127.0.0.1:57349" [_thread_in_native, id=10088, stack(0x000000001b160000,0x000000001b260000)]
  0x0000000019a2c800 JavaThread "Daemon" [_thread_blocked, id=11072, stack(0x000000001b060000,0x000000001b160000)]
  0x0000000019b70000 JavaThread "Incoming local TCP Connector on port 57348" [_thread_in_native, id=11096, stack(0x000000001ac30000,0x000000001ad30000)]
  0x00000000198df000 JavaThread "pool-1-thread-1" [_thread_blocked, id=7652, stack(0x000000001ab30000,0x000000001ac30000)]
  0x0000000018940800 JavaThread "Service Thread" daemon [_thread_blocked, id=5588, stack(0x0000000018d20000,0x0000000018e20000)]
  0x0000000016fcb000 JavaThread "C1 CompilerThread2" daemon [_thread_blocked, id=6156, stack(0x0000000018820000,0x0000000018920000)]
=>0x0000000016fc2000 JavaThread "C2 CompilerThread1" daemon [_thread_in_native, id=244, stack(0x0000000018720000,0x0000000018820000)]
  0x0000000016fbe800 JavaThread "C2 CompilerThread0" daemon [_thread_in_native, id=10128, stack(0x0000000018620000,0x0000000018720000)]
  0x0000000016fbc800 JavaThread "Attach Listener" daemon [_thread_blocked, id=7144, stack(0x0000000018520000,0x0000000018620000)]
  0x0000000016fbb800 JavaThread "Signal Dispatcher" daemon [_thread_blocked, id=5440, stack(0x0000000018420000,0x0000000018520000)]
  0x0000000016faa800 JavaThread "Finalizer" daemon [_thread_blocked, id=9988, stack(0x0000000018230000,0x0000000018330000)]
  0x0000000002390000 JavaThread "Reference Handler" daemon [_thread_blocked, id=7048, stack(0x0000000018130000,0x0000000018230000)]
  0x000000000229e000 JavaThread "main" [_thread_blocked, id=11260, stack(0x0000000002160000,0x0000000002260000)]

Other Threads:
  0x0000000016f87000 VMThread [stack: 0x0000000018030000,0x0000000018130000] [id=9708]
  0x000000001894c000 WatcherThread [stack: 0x0000000018e20000,0x0000000018f20000] [id=1064]

VM state:not at safepoint (normal execution)

VM Mutex/Monitor currently owned by a thread: None

Heap:
 PSYoungGen      total 128000K, used 28067K [0x00000000d5580000, 0x00000000de500000, 0x0000000100000000)
  eden space 116736K, 15% used [0x00000000d5580000,0x00000000d6723530,0x00000000dc780000)
  from space 11264K, 88% used [0x00000000dd380000,0x00000000ddd459e0,0x00000000dde80000)
  to   space 12288K, 0% used [0x00000000dc780000,0x00000000dc780000,0x00000000dd380000)
 ParOldGen       total 80896K, used 17995K [0x0000000080000000, 0x0000000084f00000, 0x00000000d5580000)
  object space 80896K, 22% used [0x0000000080000000,0x0000000081192dd8,0x0000000084f00000)
 Metaspace       used 40218K, capacity 41142K, committed 41600K, reserved 1085440K
  class space    used 5426K, capacity 5696K, committed 5760K, reserved 1048576K

Card table byte_map: [0x0000000011760000,0x0000000011b70000] byte_map_base: 0x0000000011360000

Marking Bits: (ParMarkBitMap*) 0x0000000057c1a6d0
 Begin Bits: [0x0000000012220000, 0x0000000014220000)
 End Bits:   [0x0000000014220000, 0x0000000016220000)

Polling page: 0x00000000009b0000

CodeCache: size=245760Kb used=15836Kb max_used=15836Kb free=229923Kb
 bounds [0x00000000023a0000, 0x0000000003330000, 0x00000000113a0000]
 total_blobs=4972 nmethods=4263 adapters=620
 compilation: enabled

Compilation events (10 events):
Event: 26.499 Thread 0x0000000016fcb000 4591       3       org.codehaus.groovy.reflection.ClassInfo::getMetaClassForClass (28 bytes)
Event: 26.499 Thread 0x0000000016fcb000 nmethod 4591 0x0000000003321e90 code [0x0000000003322040, 0x00000000033226d8]
Event: 26.499 Thread 0x0000000016fcb000 4592       3       org.codehaus.groovy.reflection.ClassInfo::isValidWeakMetaClass (14 bytes)
Event: 26.500 Thread 0x0000000016fcb000 nmethod 4592 0x0000000003322990 code [0x0000000003322b20, 0x0000000003323010]
Event: 26.506 Thread 0x0000000016fcb000 4594       2       java.lang.ClassLoader::defineClass (43 bytes)
Event: 26.507 Thread 0x0000000016fcb000 nmethod 4594 0x0000000003323150 code [0x0000000003323300, 0x0000000003323608]
Event: 26.519 Thread 0x0000000016fcb000 4595       3       java.net.URLClassLoader::access$100 (7 bytes)
Event: 26.519 Thread 0x0000000016fcb000 nmethod 4595 0x00000000033239d0 code [0x0000000003323b40, 0x0000000003323ca8]
Event: 26.537 Thread 0x0000000016fcb000 4596       2       java.security.CodeSource::matchCerts (254 bytes)
Event: 26.538 Thread 0x0000000016fcb000 nmethod 4596 0x0000000003323d90 code [0x0000000003323f60, 0x0000000003324518]

GC Heap History (10 events):
Event: 19.296 GC heap before
{Heap before GC invocations=8 (full 1):
 PSYoungGen      total 72704K, used 72460K [0x00000000d5580000, 0x00000000dc580000, 0x0000000100000000)
  eden space 66048K, 100% used [0x00000000d5580000,0x00000000d9600000,0x00000000d9600000)
  from space 6656K, 96% used [0x00000000dbf00000,0x00000000dc543358,0x00000000dc580000)
  to   space 9216K, 0% used [0x00000000db380000,0x00000000db380000,0x00000000dbc80000)
 ParOldGen       total 52736K, used 8275K [0x0000000080000000, 0x0000000083380000, 0x00000000d5580000)
  object space 52736K, 15% used [0x0000000080000000,0x0000000080814f38,0x0000000083380000)
 Metaspace       used 29131K, capacity 29796K, committed 29952K, reserved 1075200K
  class space    used 4087K, capacity 4261K, committed 4352K, reserved 1048576K
Event: 19.306 GC heap after
Heap after GC invocations=8 (full 1):
 PSYoungGen      total 93696K, used 7702K [0x00000000d5580000, 0x00000000dbf80000, 0x0000000100000000)
  eden space 85504K, 0% used [0x00000000d5580000,0x00000000d5580000,0x00000000da900000)
  from space 8192K, 94% used [0x00000000db380000,0x00000000dbb05920,0x00000000dbb80000)
  to   space 4096K, 0% used [0x00000000dbb80000,0x00000000dbb80000,0x00000000dbf80000)
 ParOldGen       total 52736K, used 8355K [0x0000000080000000, 0x0000000083380000, 0x00000000d5580000)
  object space 52736K, 15% used [0x0000000080000000,0x0000000080828f60,0x0000000083380000)
 Metaspace       used 29131K, capacity 29796K, committed 29952K, reserved 1075200K
  class space    used 4087K, capacity 4261K, committed 4352K, reserved 1048576K
}
Event: 24.177 GC heap before
{Heap before GC invocations=9 (full 1):
 PSYoungGen      total 93696K, used 93206K [0x00000000d5580000, 0x00000000dbf80000, 0x0000000100000000)
  eden space 85504K, 100% used [0x00000000d5580000,0x00000000da900000,0x00000000da900000)
  from space 8192K, 94% used [0x00000000db380000,0x00000000dbb05920,0x00000000dbb80000)
  to   space 4096K, 0% used [0x00000000dbb80000,0x00000000dbb80000,0x00000000dbf80000)
 ParOldGen       total 52736K, used 8355K [0x0000000080000000, 0x0000000083380000, 0x00000000d5580000)
  object space 52736K, 15% used [0x0000000080000000,0x0000000080828f60,0x0000000083380000)
 Metaspace       used 33946K, capacity 34822K, committed 35200K, reserved 1079296K
  class space    used 4611K, capacity 4871K, committed 4992K, reserved 1048576K
Event: 24.187 GC heap after
Heap after GC invocations=9 (full 1):
 PSYoungGen      total 97280K, used 4064K [0x00000000d5580000, 0x00000000dd300000, 0x0000000100000000)
  eden space 93184K, 0% used [0x00000000d5580000,0x00000000d5580000,0x00000000db080000)
  from space 4096K, 99% used [0x00000000dbb80000,0x00000000dbf78010,0x00000000dbf80000)
  to   space 11264K, 0% used [0x00000000db080000,0x00000000db080000,0x00000000dbb80000)
 ParOldGen       total 52736K, used 15214K [0x0000000080000000, 0x0000000083380000, 0x00000000d5580000)
  object space 52736K, 28% used [0x0000000080000000,0x0000000080edba40,0x0000000083380000)
 Metaspace       used 33946K, capacity 34822K, committed 35200K, reserved 1079296K
  class space    used 4611K, capacity 4871K, committed 4992K, reserved 1048576K
}
Event: 24.240 GC heap before
{Heap before GC invocations=10 (full 1):
 PSYoungGen      total 97280K, used 9443K [0x00000000d5580000, 0x00000000dd300000, 0x0000000100000000)
  eden space 93184K, 5% used [0x00000000d5580000,0x00000000d5ac0d30,0x00000000db080000)
  from space 4096K, 99% used [0x00000000dbb80000,0x00000000dbf78010,0x00000000dbf80000)
  to   space 11264K, 0% used [0x00000000db080000,0x00000000db080000,0x00000000dbb80000)
 ParOldGen       total 52736K, used 15214K [0x0000000080000000, 0x0000000083380000, 0x00000000d5580000)
  object space 52736K, 28% used [0x0000000080000000,0x0000000080edba40,0x0000000083380000)
 Metaspace       used 34447K, capacity 35270K, committed 35456K, reserved 1079296K
  class space    used 4680K, capacity 4935K, committed 4992K, reserved 1048576K
Event: 24.248 GC heap after
Heap after GC invocations=10 (full 1):
 PSYoungGen      total 104448K, used 4737K [0x00000000d5580000, 0x00000000dde80000, 0x0000000100000000)
  eden space 93184K, 0% used [0x00000000d5580000,0x00000000d5580000,0x00000000db080000)
  from space 11264K, 42% used [0x00000000db080000,0x00000000db5205e0,0x00000000dbb80000)
  to   space 11264K, 0% used [0x00000000dd380000,0x00000000dd380000,0x00000000dde80000)
 ParOldGen       total 52736K, used 15222K [0x0000000080000000, 0x0000000083380000, 0x00000000d5580000)
  object space 52736K, 28% used [0x0000000080000000,0x0000000080edda40,0x0000000083380000)
 Metaspace       used 34447K, capacity 35270K, committed 35456K, reserved 1079296K
  class space    used 4680K, capacity 4935K, committed 4992K, reserved 1048576K
}
Event: 24.248 GC heap before
{Heap before GC invocations=11 (full 2):
 PSYoungGen      total 104448K, used 4737K [0x00000000d5580000, 0x00000000dde80000, 0x0000000100000000)
  eden space 93184K, 0% used [0x00000000d5580000,0x00000000d5580000,0x00000000db080000)
  from space 11264K, 42% used [0x00000000db080000,0x00000000db5205e0,0x00000000dbb80000)
  to   space 11264K, 0% used [0x00000000dd380000,0x00000000dd380000,0x00000000dde80000)
 ParOldGen       total 52736K, used 15222K [0x0000000080000000, 0x0000000083380000, 0x00000000d5580000)
  object space 52736K, 28% used [0x0000000080000000,0x0000000080edda40,0x0000000083380000)
 Metaspace       used 34447K, capacity 35270K, committed 35456K, reserved 1079296K
  class space    used 4680K, capacity 4935K, committed 4992K, reserved 1048576K
Event: 24.343 GC heap after
Heap after GC invocations=11 (full 2):
 PSYoungGen      total 104448K, used 0K [0x00000000d5580000, 0x00000000dde80000, 0x0000000100000000)
  eden space 93184K, 0% used [0x00000000d5580000,0x00000000d5580000,0x00000000db080000)
  from space 11264K, 0% used [0x00000000db080000,0x00000000db080000,0x00000000dbb80000)
  to   space 11264K, 0% used [0x00000000dd380000,0x00000000dd380000,0x00000000dde80000)
 ParOldGen       total 80896K, used 17987K [0x0000000080000000, 0x0000000084f00000, 0x00000000d5580000)
  object space 80896K, 22% used [0x0000000080000000,0x0000000081190dd8,0x0000000084f00000)
 Metaspace       used 34417K, capacity 35150K, committed 35456K, reserved 1079296K
  class space    used 4671K, capacity 4895K, committed 4992K, reserved 1048576K
}
Event: 26.271 GC heap before
{Heap before GC invocations=12 (full 2):
 PSYoungGen      total 104448K, used 93184K [0x00000000d5580000, 0x00000000dde80000, 0x0000000100000000)
  eden space 93184K, 100% used [0x00000000d5580000,0x00000000db080000,0x00000000db080000)
  from space 11264K, 0% used [0x00000000db080000,0x00000000db080000,0x00000000dbb80000)
  to   space 11264K, 0% used [0x00000000dd380000,0x00000000dd380000,0x00000000dde80000)
 ParOldGen       total 80896K, used 17987K [0x0000000080000000, 0x0000000084f00000, 0x00000000d5580000)
  object space 80896K, 22% used [0x0000000080000000,0x0000000081190dd8,0x0000000084f00000)
 Metaspace       used 39753K, capacity 40628K, committed 40960K, reserved 1085440K
  class space    used 5364K, capacity 5607K, committed 5632K, reserved 1048576K
Event: 26.284 GC heap after
Heap after GC invocations=12 (full 2):
 PSYoungGen      total 128000K, used 10006K [0x00000000d5580000, 0x00000000de500000, 0x0000000100000000)
  eden space 116736K, 0% used [0x00000000d5580000,0x00000000d5580000,0x00000000dc780000)
  from space 11264K, 88% used [0x00000000dd380000,0x00000000ddd459e0,0x00000000dde80000)
  to   space 12288K, 0% used [0x00000000dc780000,0x00000000dc780000,0x00000000dd380000)
 ParOldGen       total 80896K, used 17995K [0x0000000080000000, 0x0000000084f00000, 0x00000000d5580000)
  object space 80896K, 22% used [0x0000000080000000,0x0000000081192dd8,0x0000000084f00000)
 Metaspace       used 39753K, capacity 40628K, committed 40960K, reserved 1085440K
  class space    used 5364K, capacity 5607K, committed 5632K, reserved 1048576K
}

Deoptimization events (10 events):
Event: 25.675 Thread 0x0000000019a23000 Uncommon trap: reason=unstable_if action=reinterpret pc=0x000000000329d164 method=java.util.HashMap.putVal(ILjava/lang/Object;Ljava/lang/Object;ZZ)Ljava/lang/Object; @ 236
Event: 25.698 Thread 0x0000000019a23000 Uncommon trap: reason=unstable_if action=reinterpret pc=0x000000000293d03c method=java.lang.CharacterDataLatin1.isWhitespace(I)Z @ 14
Event: 25.743 Thread 0x0000000019a23000 Uncommon trap: reason=unstable_if action=reinterpret pc=0x0000000003114130 method=java.util.jar.JarFile.getInputStream(Ljava/util/zip/ZipEntry;)Ljava/io/InputStream; @ 37
Event: 25.746 Thread 0x0000000019a23000 Uncommon trap: reason=unstable_if action=reinterpret pc=0x0000000002af056c method=java.security.CodeSource.getCertificates()[Ljava/security/cert/Certificate; @ 22
Event: 25.802 Thread 0x0000000019a23000 Uncommon trap: reason=unstable_if action=reinterpret pc=0x0000000002e57a40 method=java.util.LinkedHashMap.get(Ljava/lang/Object;)Ljava/lang/Object; @ 20
Event: 26.332 Thread 0x0000000019a23000 Uncommon trap: reason=class_check action=maybe_recompile pc=0x0000000002f7c1c4 method=sun.misc.URLClassPath.findResource(Ljava/lang/String;Z)Ljava/net/URL; @ 26
Event: 26.332 Thread 0x0000000019a23000 Uncommon trap: reason=class_check action=maybe_recompile pc=0x0000000002f7c1c4 method=sun.misc.URLClassPath.findResource(Ljava/lang/String;Z)Ljava/net/URL; @ 26
Event: 26.469 Thread 0x0000000019a23000 Uncommon trap: reason=bimorphic action=maybe_recompile pc=0x00000000028fd884 method=org.codehaus.groovy.util.SingleKeyHashMap.get(Ljava/lang/Object;)Ljava/lang/Object; @ 1
Event: 26.470 Thread 0x0000000019a23000 Uncommon trap: reason=bimorphic action=maybe_recompile pc=0x00000000028fd884 method=org.codehaus.groovy.util.SingleKeyHashMap.get(Ljava/lang/Object;)Ljava/lang/Object; @ 1
Event: 26.470 Thread 0x0000000019a23000 Uncommon trap: reason=unstable_if action=reinterpret pc=0x0000000002fbb1a8 method=groovy.lang.MetaClassImpl.checkIfStdMethod(Lgroovy/lang/MetaMethod;)V @ 168

Internal exceptions (10 events):
Event: 26.457 Thread 0x0000000019a23000 Exception <a 'java/lang/ClassNotFoundException': org/gradle/api/internal/artifacts/dependencies/DefaultExternalModuleDependency_DecoratedCustomizer> (0x00000000d63b4f10) thrown at [C:\re\workspace\8-2-build-windows-amd64-cygwin\jdk8u101\7261\hotspot\src\sh§ŸÖzvv:@
Event: 26.463 Thread 0x0000000019a23000 Exception <a 'java/lang/ClassNotFoundException': groovy/runtime/metaclass/[Ljava/lang/String;MetaClass> (0x00000000d63fb380) thrown at [C:\re\workspace\8-2-build-windows-amd64-cygwin\jdk8u101\7261\hotspot\src\share\vm\prims\jni.cpp, line 735]
Event: 26.463 Thread 0x0000000019a23000 Exception <a 'java/lang/ClassNotFoundException': [Ljava/lang/String;BeanInfo> (0x00000000d6401bb8) thrown at [C:\re\workspace\8-2-build-windows-amd64-cygwin\jdk8u101\7261\hotspot\src\share\vm\prims\jni.cpp, line 735]
Event: 26.464 Thread 0x0000000019a23000 Exception <a 'java/lang/ClassNotFoundException': [Ljava/lang/String;BeanInfo> (0x00000000d64023e0) thrown at [C:\re\workspace\8-2-build-windows-amd64-cygwin\jdk8u101\7261\hotspot\src\share\vm\prims\jni.cpp, line 735]
Event: 26.464 Thread 0x0000000019a23000 Exception <a 'java/lang/ClassNotFoundException': [Ljava/lang/String;Customizer> (0x00000000d6402de0) thrown at [C:\re\workspace\8-2-build-windows-amd64-cygwin\jdk8u101\7261\hotspot\src\share\vm\prims\jni.cpp, line 735]
Event: 26.464 Thread 0x0000000019a23000 Exception <a 'java/lang/ClassNotFoundException': [Ljava/lang/String;Customizer> (0x00000000d6403610) thrown at [C:\re\workspace\8-2-build-windows-amd64-cygwin\jdk8u101\7261\hotspot\src\share\vm\prims\jni.cpp, line 735]
Event: 26.491 Thread 0x0000000019a23000 Exception <a 'java/lang/ClassNotFoundException': java/lang/IntegerBeanInfo> (0x00000000d647bff8) thrown at [C:\re\workspace\8-2-build-windows-amd64-cygwin\jdk8u101\7261\hotspot\src\share\vm\classfile\systemDictionary.cpp, line 210]
Event: 26.491 Thread 0x0000000019a23000 Exception <a 'java/lang/ClassNotFoundException': java/lang/NumberBeanInfo> (0x00000000d6482920) thrown at [C:\re\workspace\8-2-build-windows-amd64-cygwin\jdk8u101\7261\hotspot\src\share\vm\classfile\systemDictionary.cpp, line 210]
Event: 26.491 Thread 0x0000000019a23000 Exception <a 'java/lang/ClassNotFoundException': java/lang/NumberCustomizer> (0x00000000d6489268) thrown at [C:\re\workspace\8-2-build-windows-amd64-cygwin\jdk8u101\7261\hotspot\src\share\vm\classfile\systemDictionary.cpp, line 210]
Event: 26.492 Thread 0x0000000019a23000 Exception <a 'java/lang/ClassNotFoundException': java/lang/IntegerCustomizer> (0x00000000d6493538) thrown at [C:\re\workspace\8-2-build-windows-amd64-cygwin\jdk8u101\7261\hotspot\src\share\vm\classfile\systemDictionary.cpp, line 210]

Events (10 events):
Event: 26.541 loading class java/nio/file/FileAlreadyExistsException
Event: 26.541 loading class java/nio/file/FileSystemException
Event: 26.541 loading class java/nio/file/FileSystemException done
Event: 26.541 loading class java/nio/file/FileAlreadyExistsException done
Event: 26.542 loading class com/android/sdklib/repository/LoggerProgressIndicatorWrapper
Event: 26.542 loading class com/android/sdklib/repository/LoggerProgressIndicatorWrapper done
Event: 26.542 loading class com/android/repository/api/ProgressIndicatorAdapter
Event: 26.542 loading class com/android/repository/api/ProgressIndicatorAdapter done
Event: 26.543 loading class com/android/sdklib/repository/AndroidSdkHandler$RepoConfig
Event: 26.543 loading class com/android/sdklib/repository/AndroidSdkHandler$RepoConfig done


Dynamic libraries:
0x00007ff7f10d0000 - 0x00007ff7f1107000 	C:\Program Files\Java\jdk1.8.0_101\bin\java.exe
0x00007ffcbd730000 - 0x00007ffcbd901000 	C:\WINDOWS\SYSTEM32\ntdll.dll
0x00007ffcbd610000 - 0x00007ffcbd6bc000 	C:\WINDOWS\System32\KERNEL32.DLL
0x00007ffcba690000 - 0x00007ffcba8ad000 	C:\WINDOWS\System32\KERNELBASE.dll
0x00007ffcbb7f0000 - 0x00007ffcbb892000 	C:\WINDOWS\System32\ADVAPI32.dll
0x00007ffcbbcb0000 - 0x00007ffcbbd4e000 	C:\WINDOWS\System32\msvcrt.dll
0x00007ffcbb8a0000 - 0x00007ffcbb8f9000 	C:\WINDOWS\System32\sechost.dll
0x00007ffcbae80000 - 0x00007ffcbafa1000 	C:\WINDOWS\System32\RPCRT4.dll
0x00007ffcbbd50000 - 0x00007ffcbbeb5000 	C:\WINDOWS\System32\USER32.dll
0x00007ffcba950000 - 0x00007ffcba96e000 	C:\WINDOWS\System32\win32u.dll
0x00007ffcbb780000 - 0x00007ffcbb7b4000 	C:\WINDOWS\System32\GDI32.dll
0x00007ffcba9d0000 - 0x00007ffcbab50000 	C:\WINDOWS\System32\gdi32full.dll
0x00007ffcad690000 - 0x00007ffcad90a000 	C:\WINDOWS\WinSxS\amd64_microsoft.windows.common-controls_6595b64144ccf1df_6.0.14393.953_none_42151e83c686086b\COMCTL32.dll
0x00007ffcbb980000 - 0x00007ffcbbc48000 	C:\WINDOWS\System32\combase.dll
0x00007ffcba3c0000 - 0x00007ffcba4b5000 	C:\WINDOWS\System32\ucrtbase.dll
0x00007ffcbaba0000 - 0x00007ffcbac0a000 	C:\WINDOWS\System32\bcryptPrimitives.dll
0x00007ffcbb7c0000 - 0x00007ffcbb7ee000 	C:\WINDOWS\System32\IMM32.DLL
0x00007ffcb9ab0000 - 0x00007ffcb9ae0000 	C:\WINDOWS\system32\DriverStore\FileRepository\nvhm.inf_amd64_7c553af4468727c1\nvinitx.dll
0x00007ffcb9aa0000 - 0x00007ffcb9aaa000 	C:\WINDOWS\SYSTEM32\VERSION.dll
0x00007ffcbc100000 - 0x00007ffcbd608000 	C:\WINDOWS\System32\Shell32.dll
0x00007ffcbab50000 - 0x00007ffcbab92000 	C:\WINDOWS\System32\cfgmgr32.dll
0x00007ffcb9c30000 - 0x00007ffcba30a000 	C:\WINDOWS\System32\windows.storage.dll
0x00007ffcb9bc0000 - 0x00007ffcb9c0c000 	C:\WINDOWS\System32\powrprof.dll
0x00007ffcbbc50000 - 0x00007ffcbbca2000 	C:\WINDOWS\System32\shlwapi.dll
0x00007ffcb9c10000 - 0x00007ffcb9c1f000 	C:\WINDOWS\System32\kernel.appcore.dll
0x00007ffcba310000 - 0x00007ffcba3b9000 	C:\WINDOWS\System32\shcore.dll
0x00007ffcb9ba0000 - 0x00007ffcb9bb4000 	C:\WINDOWS\System32\profapi.dll
0x0000000059930000 - 0x0000000059936000 	C:\Program Files\NVIDIA Corporation\CoProcManager\_etoured.dll
0x00007ffcb7ba0000 - 0x00007ffcb7bdb000 	C:\Program Files\NVIDIA Corporation\CoProcManager\nvd3d9wrapx.dll
0x00007ffcbb1e0000 - 0x00007ffcbb609000 	C:\WINDOWS\System32\SETUPAPI.dll
0x00007ffcb7b30000 - 0x00007ffcb7b54000 	C:\Program Files\NVIDIA Corporation\CoProcManager\nvdxgiwrapx.dll
0x0000000057ca0000 - 0x0000000057d72000 	C:\Program Files\Java\jdk1.8.0_101\jre\bin\msvcr100.dll
0x0000000057400000 - 0x0000000057c9a000 	C:\Program Files\Java\jdk1.8.0_101\jre\bin\server\jvm.dll
0x00007ffcbb670000 - 0x00007ffcbb678000 	C:\WINDOWS\System32\PSAPI.DLL
0x00007ffca5960000 - 0x00007ffca5969000 	C:\WINDOWS\SYSTEM32\WSOCK32.dll
0x00007ffcb7a40000 - 0x00007ffcb7a63000 	C:\WINDOWS\SYSTEM32\WINMM.dll
0x00007ffcbd6c0000 - 0x00007ffcbd72a000 	C:\WINDOWS\System32\WS2_32.dll
0x00007ffcb79e0000 - 0x00007ffcb7a0b000 	C:\WINDOWS\SYSTEM32\WINMMBASE.dll
0x00000000573f0000 - 0x00000000573ff000 	C:\Program Files\Java\jdk1.8.0_101\jre\bin\verify.dll
0x00000000573c0000 - 0x00000000573e9000 	C:\Program Files\Java\jdk1.8.0_101\jre\bin\java.dll
0x00000000573a0000 - 0x00000000573b6000 	C:\Program Files\Java\jdk1.8.0_101\jre\bin\zip.dll
0x0000000057380000 - 0x000000005739a000 	C:\Program Files\Java\jdk1.8.0_101\jre\bin\net.dll
0x00007ffcb9430000 - 0x00007ffcb948c000 	C:\WINDOWS\system32\mswsock.dll
0x0000000057360000 - 0x0000000057371000 	C:\Program Files\Java\jdk1.8.0_101\jre\bin\nio.dll
0x00007ffcb58e0000 - 0x00007ffcb58f2000 	C:\Users\vivek\.gradle\native\19\windows-amd64\native-platform.dll
0x00007ffcb9630000 - 0x00007ffcb9647000 	C:\WINDOWS\SYSTEM32\CRYPTSP.dll
0x00007ffcb9030000 - 0x00007ffcb9063000 	C:\WINDOWS\system32\rsaenh.dll
0x00007ffcb9ae0000 - 0x00007ffcb9b0b000 	C:\WINDOWS\SYSTEM32\bcrypt.dll
0x00007ffcb92b0000 - 0x00007ffcb92cf000 	C:\WINDOWS\SYSTEM32\USERENV.dll
0x00007ffcb9650000 - 0x00007ffcb965b000 	C:\WINDOWS\SYSTEM32\CRYPTBASE.dll
0x00007ffcb91b0000 - 0x00007ffcb91e8000 	C:\WINDOWS\SYSTEM32\IPHLPAPI.DLL
0x00007ffcbae70000 - 0x00007ffcbae78000 	C:\WINDOWS\System32\NSI.dll
0x00007ffcb3af0000 - 0x00007ffcb3b06000 	C:\WINDOWS\SYSTEM32\dhcpcsvc6.DLL
0x00007ffcb2e40000 - 0x00007ffcb2e5a000 	C:\WINDOWS\SYSTEM32\dhcpcsvc.DLL
0x0000000057350000 - 0x000000005735d000 	C:\Program Files\Java\jdk1.8.0_101\jre\bin\management.dll

VM Arguments:
jvm_args: -Xmx2048m -Dfile.encoding=windows-1252 -Duser.country=GB -Duser.language=en -Duser.variant 
java_command: org.gradle.launcher.daemon.bootstrap.GradleDaemon 2.14.1
java_class_path (initial): C:\Users\vivek\.gradle\wrapper\dists\gradle-2.14.1-all\8bnwg5hd3w55iofp58khbp6yv\gradle-2.14.1\lib\gradle-launcher-2.14.1.jar
Launcher Type: SUN_STANDARD

Environment Variables:
JAVA_HOME=C:\Program Files\Java\jdk1.7.0_40\
PATH=C:\Program Files\Broadcom\Broadcom 802.11\Driver;;C:\Program Files (x86)\python35\Scripts\;C:\Program Files (x86)\python35\;C:\ProgramData\Oracle\Java\javapath;C:\WINDOWS\system32;C:\WINDOWS;C:\WINDOWS\System32\Wbem;C:\WINDOWS\System32\WindowsPowerShell\v1.0\;C:\Program Files\Java\jdk1.7.0_40\bin;C:\Program Files\TortoiseHg\;C:\Program Files (x86)\QuickTime\QTSystem\;C:\Program Files (x86)\NVIDIA Corporation\PhysX\Common;C:\WINDOWS\system32;C:\WINDOWS;C:\WINDOWS\System32\Wbem;C:\WINDOWS\System32\WindowsPowerShell\v1.0\;C:\HashiCorp\Vagrant\bin;C:\Users\vivek\AppData\Local\GitHub\PortableGit_25d850739bc178b2eb13c3e2a9faafea2f9143c0\bin;C:\Program Files (x86)\python27\Scripts;C:\Program Files (x86)\python27;C:\Program Files (x86)\python27\Lib\site-packages;C:\Program Files (x86)\Heroku\bin;C:\Program Files (x86)\git\cmd;C:\Program Files (x86)\Git\cmd;C:\Program Files\Java\jdk1.8.0_101\bin;C:\Users\vivek\Documents\GitHub\pythonWorkspace\bat;C:\Program Files\Intel\WiFi\bin\;C:\Program Files\Common Files\Intel\WirelessCommon\;C:\Program Files (x86)\Skype\Phone\;C:\Program Files\nodejs\;C:\RailsInstaller\Git\cmd;C:\RailsInstaller\Ruby2.1.0\bin;C:\Users\vivek\AppData\Local\GitHub\PortableGit_25d850739bc178b2eb13c3e2a9faafea2f9143c0\bin;C:\Users\vivek\AppData\Local\atom\bin;C:\Program Files (x86)\Google\google_appengine\;C:\Users\vivek\AppData\Local\Microsoft\WindowsApps;C:\Program Files (x86)\python27;C:\Program Files (x86)\python27\Lib\site-packages;C:\Program Files (x86)\python27\Scripts;C:\Program Files (x86)\Microsoft VS Code\bin;C:\Program Files\Intel\WiFi\bin\;C:\Program Files\Common Files\Intel\WirelessCommon\;C:\Users\vivek\AppData\Roaming\npm
USERNAME=keviv
OS=Windows_NT
PROCESSOR_IDENTIFIER=Intel64 Family 6 Model 42 Stepping 7, GenuineIntel



---------------  S Y S T E M  ---------------

OS: Windows 10.0 , 64 bit Build 14393 (10.0.14393.1198)

CPU:total 4 (2 cores per cpu, 2 threads per core) family 6 model 42 stepping 7, cmov, cx8, fxsr, mmx, sse, sse2, sse3, ssse3, sse4.1, sse4.2, popcnt, avx, aes, clmul, ht, tsc, tscinvbit

Memory: 4k page, physical 6180860k(1218040k free), swap 7870460k(4832k free)

vm_info: Java HotSpot(TM) 64-Bit Server VM (25.101-b13) for windows-amd64 JRE (1.8.0_101-b13), built on Jun 22 2016 01:21:29 by "java_re" with MS VC++ 10.0 (VS2010)

time: Wed Jul 05 13:28:09 2017
elapsed time: 26 seconds (0d 0h 0m 26s)

